This is pdfTeX, Version 3.141592653-2.6-1.40.24 (MiKTeX 22.3) (preloaded format=pdflatex 2022.6.21)  24 JUL 2023 14:38
entering extended mode
 restricted \write18 enabled.
 %&-line parsing enabled.
**./abstractcn.tex
(abstractcn.tex
LaTeX2e <2022-06-01> pre-release-0 (develop 2022-6-21 branch)
L3 programming layer <2022-06-02>

! LaTeX Error: Environment abstractcn undefined.

See the LaTeX manual or LaTeX Companion for explanation.
Type  H <return>  for immediate help.
 ...                                              
                                                  
l.1 \begin{abstractcn}
                      
? 
! Emergency stop.
 ...                                              
                                                  
l.1 \begin{abstractcn}
                      
Your command was ignored.
Type  I <command> <return>  to replace it with another command,
or  <return>  to continue without it.

 
Here is how much of TeX's memory you used:
 19 strings out of 478354
 536 string characters out of 2853539
 297320 words of memory out of 3000000
 18533 multiletter control sequences out of 15000+600000
 469259 words of font info for 28 fonts, out of 8000000 for 9000
 1141 hyphenation exceptions out of 8191
 13i,0n,12p,66b,16s stack positions out of 10000i,1000n,20000p,200000b,80000s
!  ==> Fatal error occurred, no output PDF file produced!
