This is pdfTeX, Version 3.141592653-2.6-1.40.24 (MiKTeX 22.3) (preloaded format=pdflatex 2022.6.21)  21 APR 2024 16:08
entering extended mode
 restricted \write18 enabled.
 %&-line parsing enabled.
**./masterthesisCJK.tex
(masterthesisCJK.tex
LaTeX2e <2022-06-01> pre-release-0 (develop 2022-6-21 branch)
L3 programming layer <2022-06-02> (ncuthesisCJK.cls

Document Class: ncuthesisCJK.cls 2013/08/07 v1.41 (Jesse LO)
for National Central University, TW.

Document Class: ncuthesisCJK 2013/08/08 v1.41 NCU thesis
(C:\MiKTex\tex/latex/base\report.cls
Document Class: report 2021/10/04 v1.4n Standard LaTeX document class
(C:\MiKTex\tex/latex/base\size10.clo
File: size10.clo 2021/10/04 v1.4n Standard LaTeX file (size option)
)
\c@part=\count185
\c@chapter=\count186
\c@section=\count187
\c@subsection=\count188
\c@subsubsection=\count189
\c@paragraph=\count190
\c@subparagraph=\count191
\c@figure=\count192
\c@table=\count193
\abovecaptionskip=\skip47
\belowcaptionskip=\skip48
\bibindent=\dimen138
)
(C:\MiKTex\tex/latex/graphics\graphicx.sty
Package: graphicx 2021/09/16 v1.2d Enhanced LaTeX Graphics (DPC,SPQR)

(C:\MiKTex\tex/latex/graphics\keyval.sty
Package: keyval 2022/05/29 v1.15 key=value parser (DPC)
\KV@toks@=\toks16
)
(C:\MiKTex\tex/latex/graphics\graphics.sty
Package: graphics 2022/03/10 v1.4e Standard LaTeX Graphics (DPC,SPQR)

(C:\MiKTex\tex/latex/graphics\trig.sty
Package: trig 2021/08/11 v1.11 sin cos tan (DPC)
)
(C:\MiKTex\tex/latex/graphics-cfg\graphics.cfg
File: graphics.cfg 2016/06/04 v1.11 sample graphics configuration
)
Package graphics Info: Driver file: pdftex.def on input line 107.

(C:\MiKTex\tex/latex/graphics-def\pdftex.def
File: pdftex.def 2020/10/05 v1.2a Graphics/color driver for pdftex
))
\Gin@req@height=\dimen139
\Gin@req@width=\dimen140
)
(C:\MiKTex\tex/latex/base\fontenc.sty
Package: fontenc 2021/04/29 v2.0v Standard LaTeX package
) (C:\MiKTex\tex/latex/cjk\CJKutf8.sty
Package: CJKutf8 2021/10/16 4.8.5

(C:\MiKTex\tex/generic/iftex\ifpdf.sty
Package: ifpdf 2019/10/25 v3.4 ifpdf legacy package. Use iftex instead.
 (C:\MiKTex\tex/generic/iftex\iftex.sty
Package: iftex 2022/02/03 v1.0f TeX engine tests
)) (C:\MiKTex\tex/latex/base\inputenc.sty
Package: inputenc 2021/02/14 v1.3d Input encoding file
\inpenc@prehook=\toks17
\inpenc@posthook=\toks18
) (C:\MiKTex\tex/latex/cjk\CJK.sty
Package: CJK 2021/10/16 4.8.5

(C:\MiKTex\tex/latex/cjk/mule\MULEenc.sty
Package: MULEenc 2021/10/16 4.8.5
) (C:\MiKTex\tex/latex/cjk\CJK.enc
File: CJK.enc 2021/10/16 4.8.5
Now handling font encoding C00 ...
... no UTF-8 mapping file for font encoding C00
Now handling font encoding C05 ...
... no UTF-8 mapping file for font encoding C05
Now handling font encoding C09 ...
... no UTF-8 mapping file for font encoding C09
Now handling font encoding C10 ...
... no UTF-8 mapping file for font encoding C10
Now handling font encoding C20 ...
... no UTF-8 mapping file for font encoding C20
Now handling font encoding C19 ...
... no UTF-8 mapping file for font encoding C19
Now handling font encoding C40 ...
... no UTF-8 mapping file for font encoding C40
Now handling font encoding C42 ...
... no UTF-8 mapping file for font encoding C42
Now handling font encoding C43 ...
... no UTF-8 mapping file for font encoding C43
Now handling font encoding C50 ...
... no UTF-8 mapping file for font encoding C50
Now handling font encoding C52 ...
... no UTF-8 mapping file for font encoding C52
Now handling font encoding C49 ...
... no UTF-8 mapping file for font encoding C49
Now handling font encoding C60 ...
... no UTF-8 mapping file for font encoding C60
Now handling font encoding C61 ...
... no UTF-8 mapping file for font encoding C61
Now handling font encoding C63 ...
... no UTF-8 mapping file for font encoding C63
Now handling font encoding C64 ...
... no UTF-8 mapping file for font encoding C64
Now handling font encoding C65 ...
... no UTF-8 mapping file for font encoding C65
Now handling font encoding C70 ...
... no UTF-8 mapping file for font encoding C70
Now handling font encoding C31 ...
... no UTF-8 mapping file for font encoding C31
Now handling font encoding C32 ...
... no UTF-8 mapping file for font encoding C32
Now handling font encoding C33 ...
... no UTF-8 mapping file for font encoding C33
Now handling font encoding C34 ...
... no UTF-8 mapping file for font encoding C34
Now handling font encoding C35 ...
... no UTF-8 mapping file for font encoding C35
Now handling font encoding C36 ...
... no UTF-8 mapping file for font encoding C36
Now handling font encoding C37 ...
... no UTF-8 mapping file for font encoding C37
Now handling font encoding C80 ...
... no UTF-8 mapping file for font encoding C80
Now handling font encoding C81 ...
... no UTF-8 mapping file for font encoding C81
Now handling font encoding C01 ...
... no UTF-8 mapping file for font encoding C01
Now handling font encoding C11 ...
... no UTF-8 mapping file for font encoding C11
Now handling font encoding C21 ...
... no UTF-8 mapping file for font encoding C21
Now handling font encoding C41 ...
... no UTF-8 mapping file for font encoding C41
Now handling font encoding C62 ...
... no UTF-8 mapping file for font encoding C62
)
\CJK@indent=\box51
)
(C:\MiKTex\tex/latex/base\fontenc.sty
Package: fontenc 2021/04/29 v2.0v Standard LaTeX package
)) (C:\MiKTex\tex/latex/cjk\CJKnumb.sty
Package: CJKnumb 2021/10/16 4.8.5
\CJK@q=\count194
\CJK@r=\count195
)
(C:\MiKTex\tex/latex/cjk\CJKvert.sty
Package: CJKvert 2021/10/16 4.8.5
LaTeX Info: Redefining \CJKsymbol on input line 105.
)
(C:\MiKTex\tex/latex/fancyvrb\fancyvrb.sty
Package: fancyvrb 2022/06/06 4.5 verbatim text (tvz,hv)
\FV@CodeLineNo=\count196
\FV@InFile=\read2
\FV@TabBox=\box52
\c@FancyVerbLine=\count197
\FV@StepNumber=\count198
\FV@OutFile=\write3
)
(C:\MiKTex\tex/latex/tools\verbatim.sty
Package: verbatim 2020-07-07 v1.5u LaTeX2e package for verbatim enhancements
\every@verbatim=\toks19
\verbatim@line=\toks20
\verbatim@in@stream=\read3
)
(C:\MiKTex\tex/latex/pdfpages\pdfpages.sty
Package: pdfpages 2022/05/22 v0.5v Insert pages of external PDF documents (AM)
 (C:\MiKTex\tex/latex/base\ifthen.sty
Package: ifthen 2022/04/13 v1.1d Standard LaTeX ifthen package (DPC)
) (C:\MiKTex\tex/latex/tools\calc.sty
Package: calc 2017/05/25 v4.3 Infix arithmetic (KKT,FJ)
\calc@Acount=\count199
\calc@Bcount=\count266
\calc@Adimen=\dimen141
\calc@Bdimen=\dimen142
\calc@Askip=\skip49
\calc@Bskip=\skip50
LaTeX Info: Redefining \setlength on input line 80.
LaTeX Info: Redefining \addtolength on input line 81.
\calc@Ccount=\count267
\calc@Cskip=\skip51
) (C:\MiKTex\tex/latex/eso-pic\eso-pic.sty
Package: eso-pic 2020/10/14 v3.0a eso-pic (RN)
\ESO@tempdima=\dimen143
\ESO@tempdimb=\dimen144
(C:\MiKTex\tex/latex/xcolor\xcolor.sty
Package: xcolor 2021/10/31 v2.13 LaTeX color extensions (UK)

(C:\MiKTex\tex/latex/graphics-cfg\color.cfg
File: color.cfg 2016/01/02 v1.6 sample color configuration
)
Package xcolor Info: Driver file: pdftex.def on input line 227.
Package xcolor Info: Model `cmy' substituted by `cmy0' on input line 1352.
Package xcolor Info: Model `hsb' substituted by `rgb' on input line 1356.
Package xcolor Info: Model `RGB' extended on input line 1368.
Package xcolor Info: Model `HTML' substituted by `rgb' on input line 1370.
Package xcolor Info: Model `Hsb' substituted by `hsb' on input line 1371.
Package xcolor Info: Model `tHsb' substituted by `hsb' on input line 1372.
Package xcolor Info: Model `HSB' substituted by `hsb' on input line 1373.
Package xcolor Info: Model `Gray' substituted by `gray' on input line 1374.
Package xcolor Info: Model `wave' substituted by `hsb' on input line 1375.
))
\AM@pagewidth=\dimen145
\AM@pageheight=\dimen146
\AM@fboxrule=\dimen147

(C:\MiKTex\tex/latex/pdfpages\pppdftex.def
File: pppdftex.def 2022/05/22 v0.5v Pdfpages driver for pdfTeX (AM)
)
\pdfpages@includegraphics@status=\count268
\AM@pagebox=\box53
\AM@global@opts=\toks21
\AM@pagecnt=\count269
\AM@toc@title=\toks22
\c@AM@survey=\count270
\AM@templatesizebox=\box54
)
(C:\MiKTex\tex/latex/pdflscape\pdflscape.sty
Package: pdflscape 2019/12/05 v0.12 Display of landscape pages in PDF (HO)

(C:\MiKTex\tex/latex/graphics\lscape.sty
Package: lscape 2020/05/28 v3.02 Landscape Pages (DPC)
)
Package pdflscape Info: Auto-detected driver: pdftex on input line 81.
)
(C:\MiKTex\tex/latex/eso-pic\showframe.sty
Package: showframe 2020/10/14 v0.1j showframe (new impl., RN)
\SF@tempdima=\dimen148
)
(C:\MiKTex\tex/latex/printlen\printlen.sty
Package: printlen 2009/09/03 v1.1a print lengths with units
)
(C:\MiKTex\tex/latex/calculator\calculator.sty
Package: calculator 2014/02/20 v.2.0
\cctr@lengtha=\dimen149
\cctr@lengthb=\dimen150
\cctr@epsilon=\dimen151
)
(C:\MiKTex\tex/latex/hyperref\hyperref.sty
Package: hyperref 2022-05-17 v7.00q Hypertext links for LaTeX

(C:\MiKTex\tex/generic/ltxcmds\ltxcmds.sty
Package: ltxcmds 2020-05-10 v1.25 LaTeX kernel commands for general use (HO)
)
(C:\MiKTex\tex/generic/pdftexcmds\pdftexcmds.sty
Package: pdftexcmds 2020-06-27 v0.33 Utility functions of pdfTeX for LuaTeX (HO
)

(C:\MiKTex\tex/generic/infwarerr\infwarerr.sty
Package: infwarerr 2019/12/03 v1.5 Providing info/warning/error messages (HO)
)
Package pdftexcmds Info: \pdf@primitive is available.
Package pdftexcmds Info: \pdf@ifprimitive is available.
Package pdftexcmds Info: \pdfdraftmode found.
)
(C:\MiKTex\tex/generic/kvsetkeys\kvsetkeys.sty
Package: kvsetkeys 2019/12/15 v1.18 Key value parser (HO)
)
(C:\MiKTex\tex/generic/kvdefinekeys\kvdefinekeys.sty
Package: kvdefinekeys 2019-12-19 v1.6 Define keys (HO)
)
(C:\MiKTex\tex/generic/pdfescape\pdfescape.sty
Package: pdfescape 2019/12/09 v1.15 Implements pdfTeX's escape features (HO)
)
(C:\MiKTex\tex/latex/hycolor\hycolor.sty
Package: hycolor 2020-01-27 v1.10 Color options for hyperref/bookmark (HO)
)
(C:\MiKTex\tex/latex/letltxmacro\letltxmacro.sty
Package: letltxmacro 2019/12/03 v1.6 Let assignment for LaTeX macros (HO)
)
(C:\MiKTex\tex/latex/auxhook\auxhook.sty
Package: auxhook 2019-12-17 v1.6 Hooks for auxiliary files (HO)
)
(C:\MiKTex\tex/latex/hyperref\nameref.sty
Package: nameref 2022-05-17 v2.50 Cross-referencing by name of section

(C:\MiKTex\tex/latex/refcount\refcount.sty
Package: refcount 2019/12/15 v3.6 Data extraction from label references (HO)
)
(C:\MiKTex\tex/generic/gettitlestring\gettitlestring.sty
Package: gettitlestring 2019/12/15 v1.6 Cleanup title references (HO)

(C:\MiKTex\tex/latex/kvoptions\kvoptions.sty
Package: kvoptions 2020-10-07 v3.14 Key value format for package options (HO)
))
\c@section@level=\count271
)
\@linkdim=\dimen152
\Hy@linkcounter=\count272
\Hy@pagecounter=\count273

(C:\MiKTex\tex/latex/hyperref\pd1enc.def
File: pd1enc.def 2022-05-17 v7.00q Hyperref: PDFDocEncoding definition (HO)
Now handling font encoding PD1 ...
... no UTF-8 mapping file for font encoding PD1
)
(C:\MiKTex\tex/generic/intcalc\intcalc.sty
Package: intcalc 2019/12/15 v1.3 Expandable calculations with integers (HO)
)
(C:\MiKTex\tex/generic/etexcmds\etexcmds.sty
Package: etexcmds 2019/12/15 v1.7 Avoid name clashes with e-TeX commands (HO)
)
\Hy@SavedSpaceFactor=\count274

(C:\MiKTex\tex/latex/hyperref\puenc.def
File: puenc.def 2022-05-17 v7.00q Hyperref: PDF Unicode definition (HO)
Now handling font encoding PU ...
... no UTF-8 mapping file for font encoding PU
)
Package hyperref Info: Option `bookmarks' set `true' on input line 4020.
Package hyperref Info: Option `unicode' set `true' on input line 4020.
Package hyperref Info: Option `colorlinks' set `false' on input line 4020.
Package hyperref Info: Hyper figures OFF on input line 4139.
Package hyperref Info: Link nesting OFF on input line 4144.
Package hyperref Info: Hyper index ON on input line 4147.
Package hyperref Info: Plain pages OFF on input line 4154.
Package hyperref Info: Backreferencing OFF on input line 4159.
Package hyperref Info: Implicit mode ON; LaTeX internals redefined.
Package hyperref Info: Bookmarks ON on input line 4385.
\c@Hy@tempcnt=\count275
 (C:\MiKTex\tex/latex/url\url.sty
\Urlmuskip=\muskip16
Package: url 2013/09/16  ver 3.4  Verb mode for urls, etc.
)
LaTeX Info: Redefining \url on input line 4723.
\XeTeXLinkMargin=\dimen153

(C:\MiKTex\tex/generic/bitset\bitset.sty
Package: bitset 2019/12/09 v1.3 Handle bit-vector datatype (HO)

(C:\MiKTex\tex/generic/bigintcalc\bigintcalc.sty
Package: bigintcalc 2019/12/15 v1.5 Expandable calculations on big integers (HO
)
))
\Fld@menulength=\count276
\Field@Width=\dimen154
\Fld@charsize=\dimen155
Package hyperref Info: Hyper figures OFF on input line 6001.
Package hyperref Info: Link nesting OFF on input line 6006.
Package hyperref Info: Hyper index ON on input line 6009.
Package hyperref Info: backreferencing OFF on input line 6016.
Package hyperref Info: Link coloring OFF on input line 6021.
Package hyperref Info: Link coloring with OCG OFF on input line 6026.
Package hyperref Info: PDF/A mode OFF on input line 6031.

(C:\MiKTex\tex/latex/base\atbegshi-ltx.sty
Package: atbegshi-ltx 2021/01/10 v1.0c Emulation of the original atbegshi
package with kernel methods
)
\Hy@abspage=\count277
\c@Item=\count278
\c@Hfootnote=\count279
)
Package hyperref Info: Driver (autodetected): hpdftex.

(C:\MiKTex\tex/latex/hyperref\hpdftex.def
File: hpdftex.def 2022-05-17 v7.00q Hyperref driver for pdfTeX

(C:\MiKTex\tex/latex/base\atveryend-ltx.sty
Package: atveryend-ltx 2020/08/19 v1.0a Emulation of the original atveryend pac
kage
with kernel methods
)
\Fld@listcount=\count280
\c@bookmark@seq@number=\count281

(C:\MiKTex\tex/latex/rerunfilecheck\rerunfilecheck.sty
Package: rerunfilecheck 2019/12/05 v1.9 Rerun checks for auxiliary files (HO)

(C:\MiKTex\tex/generic/uniquecounter\uniquecounter.sty
Package: uniquecounter 2019/12/15 v1.4 Provide unlimited unique counter (HO)
)
Package uniquecounter Info: New unique counter `rerunfilecheck' on input line 2
86.
)
\Hy@SectionHShift=\skip52
)
(C:\MiKTex\tex/latex/titlesec\titlesec.sty
Package: titlesec 2021/07/05 v2.14 Sectioning titles
\ttl@box=\box55
\beforetitleunit=\skip53
\aftertitleunit=\skip54
\ttl@plus=\dimen156
\ttl@minus=\dimen157
\ttl@toksa=\toks23
\titlewidth=\dimen158
\titlewidthlast=\dimen159
\titlewidthfirst=\dimen160
)
(C:\MiKTex\tex/latex/titlesec\titletoc.sty
Package: titletoc 2021/07/05 v2.14 TOC entries
\ttl@leftsep=\dimen161
)
Package hyperref Info: Option `final' set `true' on input line 112.
)
(C:\MiKTex\tex/latex/base\makeidx.sty
Package: makeidx 2021/10/04 v1.0m Standard LaTeX package
) (C:\MiKTex\tex/latex/tools\layout.sty
Package: layout 2021-03-10 v1.2e Show layout parameters
\oneinch=\count282
\cnt@paperwidth=\count283
\cnt@paperheight=\count284
\cnt@hoffset=\count285
\cnt@voffset=\count286
\cnt@textheight=\count287
\cnt@textwidth=\count288
\cnt@topmargin=\count289
\cnt@oddsidemargin=\count290
\cnt@evensidemargin=\count291
\cnt@headheight=\count292
\cnt@headsep=\count293
\cnt@marginparsep=\count294
\cnt@marginparwidth=\count295
\cnt@marginparpush=\count296
\cnt@footskip=\count297
\fheight=\count298
\ref@top=\count299
\ref@hoffset=\count300
\ref@voffset=\count301
\ref@head=\count302
\ref@body=\count303
\ref@foot=\count304
\ref@margin=\count305
\ref@marginwidth=\count306
\ref@marginpar=\count307
\Interval=\count308
\ExtraYPos=\count309
\PositionX=\count310
\PositionY=\count311
\ArrowLength=\count312
)
(C:\MiKTex\tex/latex/todonotes\todonotes.sty
Package: todonotes 2021/06/04 v1.1.5 Todonotes source and documentation.
Package: todonotes 2021/06/04

(C:\MiKTex\tex/latex/xkeyval\xkeyval.sty
Package: xkeyval 2020/11/20 v2.8 package option processing (HA)

(C:\MiKTex\tex/generic/xkeyval\xkeyval.tex
(C:\MiKTex\tex/generic/xkeyval\xkvutils.tex
\XKV@toks=\toks24
\XKV@tempa@toks=\toks25
)
\XKV@depth=\count313
File: xkeyval.tex 2014/12/03 v2.7a key=value parser (HA)
))
(C:\MiKTex\tex/latex/pgf/frontendlayer\tikz.sty
(C:\MiKTex\tex/latex/pgf/basiclayer\pgf.sty
(C:\MiKTex\tex/latex/pgf/utilities\pgfrcs.sty
(C:\MiKTex\tex/generic/pgf/utilities\pgfutil-common.tex
\pgfutil@everybye=\toks26
\pgfutil@tempdima=\dimen162
\pgfutil@tempdimb=\dimen163

(C:\MiKTex\tex/generic/pgf/utilities\pgfutil-common-lists.tex))
(C:\MiKTex\tex/generic/pgf/utilities\pgfutil-latex.def
\pgfutil@abb=\box56
)
(C:\MiKTex\tex/generic/pgf/utilities\pgfrcs.code.tex
(C:\MiKTex\tex/generic/pgf\pgf.revision.tex)
Package: pgfrcs 2021/05/15 v3.1.9a (3.1.9a)
))
Package: pgf 2021/05/15 v3.1.9a (3.1.9a)

(C:\MiKTex\tex/latex/pgf/basiclayer\pgfcore.sty
(C:\MiKTex\tex/latex/pgf/systemlayer\pgfsys.sty
(C:\MiKTex\tex/generic/pgf/systemlayer\pgfsys.code.tex
Package: pgfsys 2021/05/15 v3.1.9a (3.1.9a)

(C:\MiKTex\tex/generic/pgf/utilities\pgfkeys.code.tex
\pgfkeys@pathtoks=\toks27
\pgfkeys@temptoks=\toks28

(C:\MiKTex\tex/generic/pgf/utilities\pgfkeysfiltered.code.tex
\pgfkeys@tmptoks=\toks29
))
\pgf@x=\dimen164
\pgf@y=\dimen165
\pgf@xa=\dimen166
\pgf@ya=\dimen167
\pgf@xb=\dimen168
\pgf@yb=\dimen169
\pgf@xc=\dimen170
\pgf@yc=\dimen171
\pgf@xd=\dimen172
\pgf@yd=\dimen173
\w@pgf@writea=\write4
\r@pgf@reada=\read4
\c@pgf@counta=\count314
\c@pgf@countb=\count315
\c@pgf@countc=\count316
\c@pgf@countd=\count317
\t@pgf@toka=\toks30
\t@pgf@tokb=\toks31
\t@pgf@tokc=\toks32
\pgf@sys@id@count=\count318

(C:\MiKTex\tex/generic/pgf/systemlayer\pgf.cfg
File: pgf.cfg 2021/05/15 v3.1.9a (3.1.9a)
)
Driver file for pgf: pgfsys-pdftex.def

(C:\MiKTex\tex/generic/pgf/systemlayer\pgfsys-pdftex.def
File: pgfsys-pdftex.def 2021/05/15 v3.1.9a (3.1.9a)

(C:\MiKTex\tex/generic/pgf/systemlayer\pgfsys-common-pdf.def
File: pgfsys-common-pdf.def 2021/05/15 v3.1.9a (3.1.9a)
)))
(C:\MiKTex\tex/generic/pgf/systemlayer\pgfsyssoftpath.code.tex
File: pgfsyssoftpath.code.tex 2021/05/15 v3.1.9a (3.1.9a)
\pgfsyssoftpath@smallbuffer@items=\count319
\pgfsyssoftpath@bigbuffer@items=\count320
)
(C:\MiKTex\tex/generic/pgf/systemlayer\pgfsysprotocol.code.tex
File: pgfsysprotocol.code.tex 2021/05/15 v3.1.9a (3.1.9a)
))
(C:\MiKTex\tex/generic/pgf/basiclayer\pgfcore.code.tex
Package: pgfcore 2021/05/15 v3.1.9a (3.1.9a)

(C:\MiKTex\tex/generic/pgf/math\pgfmath.code.tex
(C:\MiKTex\tex/generic/pgf/math\pgfmathcalc.code.tex
(C:\MiKTex\tex/generic/pgf/math\pgfmathutil.code.tex)
(C:\MiKTex\tex/generic/pgf/math\pgfmathparser.code.tex
\pgfmath@dimen=\dimen174
\pgfmath@count=\count321
\pgfmath@box=\box57
\pgfmath@toks=\toks33
\pgfmath@stack@operand=\toks34
\pgfmath@stack@operation=\toks35
)
(C:\MiKTex\tex/generic/pgf/math\pgfmathfunctions.code.tex
(C:\MiKTex\tex/generic/pgf/math\pgfmathfunctions.basic.code.tex)
(C:\MiKTex\tex/generic/pgf/math\pgfmathfunctions.trigonometric.code.tex)
(C:\MiKTex\tex/generic/pgf/math\pgfmathfunctions.random.code.tex)
(C:\MiKTex\tex/generic/pgf/math\pgfmathfunctions.comparison.code.tex)
(C:\MiKTex\tex/generic/pgf/math\pgfmathfunctions.base.code.tex)
(C:\MiKTex\tex/generic/pgf/math\pgfmathfunctions.round.code.tex)
(C:\MiKTex\tex/generic/pgf/math\pgfmathfunctions.misc.code.tex)
(C:\MiKTex\tex/generic/pgf/math\pgfmathfunctions.integerarithmetics.code.tex)))
(C:\MiKTex\tex/generic/pgf/math\pgfmathfloat.code.tex
\c@pgfmathroundto@lastzeros=\count322
))
(C:\MiKTex\tex/generic/pgf/math\pgfint.code.tex)
(C:\MiKTex\tex/generic/pgf/basiclayer\pgfcorepoints.code.tex
File: pgfcorepoints.code.tex 2021/05/15 v3.1.9a (3.1.9a)
\pgf@picminx=\dimen175
\pgf@picmaxx=\dimen176
\pgf@picminy=\dimen177
\pgf@picmaxy=\dimen178
\pgf@pathminx=\dimen179
\pgf@pathmaxx=\dimen180
\pgf@pathminy=\dimen181
\pgf@pathmaxy=\dimen182
\pgf@xx=\dimen183
\pgf@xy=\dimen184
\pgf@yx=\dimen185
\pgf@yy=\dimen186
\pgf@zx=\dimen187
\pgf@zy=\dimen188
)
(C:\MiKTex\tex/generic/pgf/basiclayer\pgfcorepathconstruct.code.tex
File: pgfcorepathconstruct.code.tex 2021/05/15 v3.1.9a (3.1.9a)
\pgf@path@lastx=\dimen189
\pgf@path@lasty=\dimen190
)
(C:\MiKTex\tex/generic/pgf/basiclayer\pgfcorepathusage.code.tex
File: pgfcorepathusage.code.tex 2021/05/15 v3.1.9a (3.1.9a)
\pgf@shorten@end@additional=\dimen191
\pgf@shorten@start@additional=\dimen192
)
(C:\MiKTex\tex/generic/pgf/basiclayer\pgfcorescopes.code.tex
File: pgfcorescopes.code.tex 2021/05/15 v3.1.9a (3.1.9a)
\pgfpic=\box58
\pgf@hbox=\box59
\pgf@layerbox@main=\box60
\pgf@picture@serial@count=\count323
)
(C:\MiKTex\tex/generic/pgf/basiclayer\pgfcoregraphicstate.code.tex
File: pgfcoregraphicstate.code.tex 2021/05/15 v3.1.9a (3.1.9a)
\pgflinewidth=\dimen193
)
(C:\MiKTex\tex/generic/pgf/basiclayer\pgfcoretransformations.code.tex
File: pgfcoretransformations.code.tex 2021/05/15 v3.1.9a (3.1.9a)
\pgf@pt@x=\dimen194
\pgf@pt@y=\dimen195
\pgf@pt@temp=\dimen196
)
(C:\MiKTex\tex/generic/pgf/basiclayer\pgfcorequick.code.tex
File: pgfcorequick.code.tex 2021/05/15 v3.1.9a (3.1.9a)
)
(C:\MiKTex\tex/generic/pgf/basiclayer\pgfcoreobjects.code.tex
File: pgfcoreobjects.code.tex 2021/05/15 v3.1.9a (3.1.9a)
)
(C:\MiKTex\tex/generic/pgf/basiclayer\pgfcorepathprocessing.code.tex
File: pgfcorepathprocessing.code.tex 2021/05/15 v3.1.9a (3.1.9a)
)
(C:\MiKTex\tex/generic/pgf/basiclayer\pgfcorearrows.code.tex
File: pgfcorearrows.code.tex 2021/05/15 v3.1.9a (3.1.9a)
\pgfarrowsep=\dimen197
)
(C:\MiKTex\tex/generic/pgf/basiclayer\pgfcoreshade.code.tex
File: pgfcoreshade.code.tex 2021/05/15 v3.1.9a (3.1.9a)
\pgf@max=\dimen198
\pgf@sys@shading@range@num=\count324
\pgf@shadingcount=\count325
)
(C:\MiKTex\tex/generic/pgf/basiclayer\pgfcoreimage.code.tex
File: pgfcoreimage.code.tex 2021/05/15 v3.1.9a (3.1.9a)

(C:\MiKTex\tex/generic/pgf/basiclayer\pgfcoreexternal.code.tex
File: pgfcoreexternal.code.tex 2021/05/15 v3.1.9a (3.1.9a)
\pgfexternal@startupbox=\box61
))
(C:\MiKTex\tex/generic/pgf/basiclayer\pgfcorelayers.code.tex
File: pgfcorelayers.code.tex 2021/05/15 v3.1.9a (3.1.9a)
)
(C:\MiKTex\tex/generic/pgf/basiclayer\pgfcoretransparency.code.tex
File: pgfcoretransparency.code.tex 2021/05/15 v3.1.9a (3.1.9a)
)
(C:\MiKTex\tex/generic/pgf/basiclayer\pgfcorepatterns.code.tex
File: pgfcorepatterns.code.tex 2021/05/15 v3.1.9a (3.1.9a)
)
(C:\MiKTex\tex/generic/pgf/basiclayer\pgfcorerdf.code.tex
File: pgfcorerdf.code.tex 2021/05/15 v3.1.9a (3.1.9a)
)))
(C:\MiKTex\tex/generic/pgf/modules\pgfmoduleshapes.code.tex
File: pgfmoduleshapes.code.tex 2021/05/15 v3.1.9a (3.1.9a)
\pgfnodeparttextbox=\box62
)
(C:\MiKTex\tex/generic/pgf/modules\pgfmoduleplot.code.tex
File: pgfmoduleplot.code.tex 2021/05/15 v3.1.9a (3.1.9a)
)
(C:\MiKTex\tex/latex/pgf/compatibility\pgfcomp-version-0-65.sty
Package: pgfcomp-version-0-65 2021/05/15 v3.1.9a (3.1.9a)
\pgf@nodesepstart=\dimen199
\pgf@nodesepend=\dimen256
)
(C:\MiKTex\tex/latex/pgf/compatibility\pgfcomp-version-1-18.sty
Package: pgfcomp-version-1-18 2021/05/15 v3.1.9a (3.1.9a)
))
(C:\MiKTex\tex/latex/pgf/utilities\pgffor.sty
(C:\MiKTex\tex/latex/pgf/utilities\pgfkeys.sty
(C:\MiKTex\tex/generic/pgf/utilities\pgfkeys.code.tex))
(C:\MiKTex\tex/latex/pgf/math\pgfmath.sty
(C:\MiKTex\tex/generic/pgf/math\pgfmath.code.tex))
(C:\MiKTex\tex/generic/pgf/utilities\pgffor.code.tex
Package: pgffor 2021/05/15 v3.1.9a (3.1.9a)

(C:\MiKTex\tex/generic/pgf/math\pgfmath.code.tex)
\pgffor@iter=\dimen257
\pgffor@skip=\dimen258
\pgffor@stack=\toks36
\pgffor@toks=\toks37
))
(C:\MiKTex\tex/generic/pgf/frontendlayer/tikz\tikz.code.tex
Package: tikz 2021/05/15 v3.1.9a (3.1.9a)

(C:\MiKTex\tex/generic/pgf/libraries\pgflibraryplothandlers.code.tex
File: pgflibraryplothandlers.code.tex 2021/05/15 v3.1.9a (3.1.9a)
\pgf@plot@mark@count=\count326
\pgfplotmarksize=\dimen259
)
\tikz@lastx=\dimen260
\tikz@lasty=\dimen261
\tikz@lastxsaved=\dimen262
\tikz@lastysaved=\dimen263
\tikz@lastmovetox=\dimen264
\tikz@lastmovetoy=\dimen265
\tikzleveldistance=\dimen266
\tikzsiblingdistance=\dimen267
\tikz@figbox=\box63
\tikz@figbox@bg=\box64
\tikz@tempbox=\box65
\tikz@tempbox@bg=\box66
\tikztreelevel=\count327
\tikznumberofchildren=\count328
\tikznumberofcurrentchild=\count329
\tikz@fig@count=\count330

(C:\MiKTex\tex/generic/pgf/modules\pgfmodulematrix.code.tex
File: pgfmodulematrix.code.tex 2021/05/15 v3.1.9a (3.1.9a)
\pgfmatrixcurrentrow=\count331
\pgfmatrixcurrentcolumn=\count332
\pgf@matrix@numberofcolumns=\count333
)
\tikz@expandcount=\count334

(C:\MiKTex\tex/generic/pgf/frontendlayer/tikz/libraries\tikzlibrarytopaths.code
.tex
File: tikzlibrarytopaths.code.tex 2021/05/15 v3.1.9a (3.1.9a)
)))
(C:\MiKTex\tex/generic/pgf/frontendlayer/tikz/libraries\tikzlibrarypositioning.
code.tex
File: tikzlibrarypositioning.code.tex 2021/05/15 v3.1.9a (3.1.9a)
)
\c@@todonotes@numberoftodonotes=\count335
) (C:\MiKTex\tex/latex/cite\cite.sty
LaTeX Info: Redefining \cite on input line 302.
LaTeX Info: Redefining \nocite on input line 332.
Package: cite 2015/02/27  v 5.5
)
(C:\MiKTex\tex/latex/amsmath\amsmath.sty
Package: amsmath 2022/04/08 v2.17n AMS math features
\@mathmargin=\skip55

For additional information on amsmath, use the `?' option.
(C:\MiKTex\tex/latex/amsmath\amstext.sty
Package: amstext 2021/08/26 v2.01 AMS text

(C:\MiKTex\tex/latex/amsmath\amsgen.sty
File: amsgen.sty 1999/11/30 v2.0 generic functions
\@emptytoks=\toks38
\ex@=\dimen268
))
(C:\MiKTex\tex/latex/amsmath\amsbsy.sty
Package: amsbsy 1999/11/29 v1.2d Bold Symbols
\pmbraise@=\dimen269
)
(C:\MiKTex\tex/latex/amsmath\amsopn.sty
Package: amsopn 2022/04/08 v2.04 operator names
)
\inf@bad=\count336
LaTeX Info: Redefining \frac on input line 234.
\uproot@=\count337
\leftroot@=\count338
LaTeX Info: Redefining \overline on input line 399.
LaTeX Info: Redefining \colon on input line 410.
\classnum@=\count339
\DOTSCASE@=\count340
LaTeX Info: Redefining \ldots on input line 496.
LaTeX Info: Redefining \dots on input line 499.
LaTeX Info: Redefining \cdots on input line 620.
\Mathstrutbox@=\box67
\strutbox@=\box68
LaTeX Info: Redefining \big on input line 722.
LaTeX Info: Redefining \Big on input line 723.
LaTeX Info: Redefining \bigg on input line 724.
LaTeX Info: Redefining \Bigg on input line 725.
\big@size=\dimen270
LaTeX Font Info:    Redeclaring font encoding OML on input line 743.
LaTeX Font Info:    Redeclaring font encoding OMS on input line 744.
\macc@depth=\count341
LaTeX Info: Redefining \bmod on input line 905.
LaTeX Info: Redefining \pmod on input line 910.
LaTeX Info: Redefining \smash on input line 940.
LaTeX Info: Redefining \relbar on input line 970.
LaTeX Info: Redefining \Relbar on input line 971.
\c@MaxMatrixCols=\count342
\dotsspace@=\muskip17
\c@parentequation=\count343
\dspbrk@lvl=\count344
\tag@help=\toks39
\row@=\count345
\column@=\count346
\maxfields@=\count347
\andhelp@=\toks40
\eqnshift@=\dimen271
\alignsep@=\dimen272
\tagshift@=\dimen273
\tagwidth@=\dimen274
\totwidth@=\dimen275
\lineht@=\dimen276
\@envbody=\toks41
\multlinegap=\skip56
\multlinetaggap=\skip57
\mathdisplay@stack=\toks42
LaTeX Info: Redefining \[ on input line 2953.
LaTeX Info: Redefining \] on input line 2954.
)
(C:\MiKTex\tex/latex/amsfonts\amssymb.sty
Package: amssymb 2013/01/14 v3.01 AMS font symbols

(C:\MiKTex\tex/latex/amsfonts\amsfonts.sty
Package: amsfonts 2013/01/14 v3.01 Basic AMSFonts support
\symAMSa=\mathgroup4
\symAMSb=\mathgroup5
LaTeX Font Info:    Redeclaring math symbol \hbar on input line 98.
LaTeX Font Info:    Overwriting math alphabet `\mathfrak' in version `bold'
(Font)                  U/euf/m/n --> U/euf/b/n on input line 106.
))
(C:\MiKTex\tex/latex/graphics\epsfig.sty
Package: epsfig 2017/06/25 v1.7b (e)psfig emulation (SPQR)
\epsfxsize=\dimen277
\epsfysize=\dimen278
)
(C:\MiKTex\tex/latex/caption\subcaption.sty
Package: subcaption 2022/01/07 v1.5 Sub-captions (AR)

(C:\MiKTex\tex/latex/caption\caption.sty
Package: caption 2022/03/01 v3.6b Customizing captions (AR)

(C:\MiKTex\tex/latex/caption\caption3.sty
Package: caption3 2022/03/17 v2.3b caption3 kernel (AR)
\caption@tempdima=\dimen279
\captionmargin=\dimen280
\caption@leftmargin=\dimen281
\caption@rightmargin=\dimen282
\caption@width=\dimen283
\caption@indent=\dimen284
\caption@parindent=\dimen285
\caption@hangindent=\dimen286
Package caption Info: Standard document class detected.
)
\c@caption@flags=\count348
\c@continuedfloat=\count349
Package caption Info: hyperref package is loaded.
)
\c@subfigure=\count350
\c@subtable=\count351
)
(C:\MiKTex\tex/latex/tools\indentfirst.sty
Package: indentfirst 1995/11/23 v1.03 Indent first paragraph (DPC)
)
(C:\MiKTex\tex/latex/esvect\esvect.sty
Package: esvect 
\symesvector=\mathgroup6
)
(C:\MiKTex\tex/latex/epstopdf-pkg\epstopdf.sty
Package: epstopdf 2020-01-24 v2.11 Conversion with epstopdf on the fly (HO)

(C:\MiKTex\tex/latex/grfext\grfext.sty
Package: grfext 2019/12/03 v1.3 Manage graphics extensions (HO)
)
(C:\MiKTex\tex/latex/epstopdf-pkg\epstopdf-base.sty
Package: epstopdf-base 2020-01-24 v2.11 Base part for package epstopdf
Package epstopdf-base Info: Redefining graphics rule for `.eps' on input line 4
85.
Package grfext Info: Graphics extension search list:
(grfext)             [.pdf,.png,.jpg,.mps,.jpeg,.jbig2,.jb2,.PDF,.PNG,.JPG,.JPE
G,.JBIG2,.JB2,.eps]
(grfext)             \AppendGraphicsExtensions on input line 504.

(C:\MiKTex\tex/latex/00miktex\epstopdf-sys.cfg
File: epstopdf-sys.cfg 2021/03/18 v2.0 Configuration of epstopdf for MiKTeX
)))
(C:\MiKTex\tex/latex/ulem\ulem.sty
\UL@box=\box69
\UL@hyphenbox=\box70
\UL@skip=\skip58
\UL@hook=\toks43
\UL@height=\dimen287
\UL@pe=\count352
\UL@pixel=\dimen288
\ULC@box=\box71
Package: ulem 2019/11/18
\ULdepth=\dimen289
)
(C:\MiKTex\tex/latex/mathtools\mathtools.sty
Package: mathtools 2022/02/07 v1.28a mathematical typesetting tools

(C:\MiKTex\tex/latex/mathtools\mhsetup.sty
Package: mhsetup 2021/03/18 v1.4 programming setup (MH)
)
\g_MT_multlinerow_int=\count353
\l_MT_multwidth_dim=\dimen290
\origjot=\skip59
\l_MT_shortvdotswithinadjustabove_dim=\dimen291
\l_MT_shortvdotswithinadjustbelow_dim=\dimen292
\l_MT_above_intertext_sep=\dimen293
\l_MT_below_intertext_sep=\dimen294
\l_MT_above_shortintertext_sep=\dimen295
\l_MT_below_shortintertext_sep=\dimen296
\xmathstrut@box=\box72
\xmathstrut@dim=\dimen297
)
(C:\MiKTex\tex/latex/amscls\amsthm.sty
Package: amsthm 2020/05/29 v2.20.6
\thm@style=\toks44
\thm@bodyfont=\toks45
\thm@headfont=\toks46
\thm@notefont=\toks47
\thm@headpunct=\toks48
\thm@preskip=\skip60
\thm@postskip=\skip61
\thm@headsep=\skip62
\dth@everypar=\toks49
) (C:\MiKTex\tex/latex/lipsum\lipsum.sty
(C:\MiKTex\tex/latex/l3packages/l3keys2e\l3keys2e.sty
(C:\MiKTex\tex/latex/l3kernel\expl3.sty
Package: expl3 2022-06-02 L3 programming layer (loader) 

(C:\MiKTex\tex/latex/l3backend\l3backend-pdftex.def
File: l3backend-pdftex.def 2022-04-20 L3 backend support: PDF output (pdfTeX)
\l__color_backend_stack_int=\count354
\l__pdf_internal_box=\box73
))
Package: l3keys2e 2022-06-07 LaTeX2e option processing using LaTeX3 keys
)
Package: lipsum 2021-09-20 v2.7 150 paragraphs of Lorem Ipsum dummy text
\g__lipsum_par_int=\count355
\l__lipsum_a_int=\count356
\l__lipsum_b_int=\count357

(C:\MiKTex\tex/latex/lipsum\lipsum.ltd.tex))
(C:\MiKTex\tex/latex/multirow\multirow.sty
Package: multirow 2021/03/15 v2.8 Span multiple rows of a table
\multirow@colwidth=\skip63
\multirow@cntb=\count358
\multirow@dima=\skip64
\bigstrutjot=\dimen298
)
(C:\MiKTex\tex/latex/float\float.sty
Package: float 2001/11/08 v1.3d Float enhancements (AL)
\c@float@type=\count359
\float@exts=\toks50
\float@box=\box74
\@float@everytoks=\toks51
\@floatcapt=\box75
)
(C:\MiKTex\tex/latex/algorithm2e\algorithm2e.sty
Package: algorithm2e 2017/07/18 v5.2 algorithms environments
\c@AlgoLine=\count360
\algocf@hangindent=\skip65

(C:\MiKTex\tex/latex/ifoddpage\ifoddpage.sty
Package: ifoddpage 2016/04/23 v1.1 Conditionals for odd/even page detection
\c@checkoddpage=\count361
)
(C:\MiKTex\tex/latex/tools\xspace.sty
Package: xspace 2014/10/28 v1.13 Space after command names (DPC,MH)
) (C:\MiKTex\tex/latex/relsize\relsize.sty
Package: relsize 2013/03/29 ver 4.1
)
\skiptotal=\skip66
\skiplinenumber=\skip67
\skiprule=\skip68
\skiphlne=\skip69
\skiptext=\skip70
\skiplength=\skip71
\algomargin=\skip72
\skipalgocfslide=\skip73
\algowidth=\dimen299
\inoutsize=\dimen300
\inoutindent=\dimen301
\interspacetitleruled=\dimen302
\interspacealgoruled=\dimen303
\interspacetitleboxruled=\dimen304
\algocf@ruledwidth=\skip74
\algocf@inoutbox=\box76
\algocf@inputbox=\box77
\AlCapSkip=\skip75
\AlCapHSkip=\skip76
\algoskipindent=\skip77
\algocf@nlbox=\box78
\algocf@hangingbox=\box79
\algocf@untilbox=\box80
\algocf@skipuntil=\skip78
\algocf@capbox=\box81
\algocf@lcaptionbox=\skip79
\algoheightruledefault=\skip80
\algoheightrule=\skip81
\algotitleheightruledefault=\skip82
\algotitleheightrule=\skip83
\c@algocfline=\count362
\c@algocfproc=\count363
\c@algocf=\count364
\algocf@algoframe=\box82
\algocf@algobox=\box83
) (C:\MiKTex\tex/latex/algorithmicx\algcompatible.sty
Package: algcompatible 

(C:\MiKTex\tex/latex/algorithmicx\algorithmicx.sty
Package: algorithmicx 2005/04/27 v1.2 Algorithmicx

Document Style algorithmicx 1.2 - a greatly improved `algorithmic' style
\c@ALG@line=\count365
\c@ALG@rem=\count366
\c@ALG@nested=\count367
\ALG@tlm=\skip84
\ALG@thistlm=\skip85
\c@ALG@Lnr=\count368
\c@ALG@blocknr=\count369
\c@ALG@storecount=\count370
\c@ALG@tmpcounter=\count371
\ALG@tmplength=\skip86
)
Document Style - algorithmic compatible environments for the `algorithmicx' sty
le
) (C:\MiKTex\tex/latex/tools\tabularx.sty
Package: tabularx 2020/01/15 v2.11c `tabularx' package (DPC)
 (C:\MiKTex\tex/latex/tools\array.sty
Package: array 2021/10/04 v2.5f Tabular extension package (FMi)
\col@sep=\dimen305
\ar@mcellbox=\box84
\extrarowheight=\dimen306
\NC@list=\toks52
\extratabsurround=\skip87
\backup@length=\skip88
\ar@cellbox=\box85
)
\TX@col@width=\dimen307
\TX@old@table=\dimen308
\TX@old@col=\dimen309
\TX@target=\dimen310
\TX@delta=\dimen311
\TX@cols=\count372
\TX@ftn=\toks53
) (C:\MiKTex\tex/latex/makecell\makecell.sty
Package: makecell 2009/08/03 V0.1e Managing of Tab Column Heads and Cells
\rotheadsize=\dimen312
\c@nlinenum=\count373
\TeXr@lab=\toks54
)
(C:\MiKTex\tex/latex/tools\afterpage.sty
Package: afterpage 2014/10/28 v1.08 After-Page Package (DPC)
\AP@output=\toks55
\AP@partial=\box86
\AP@footins=\box87
) (mypreamble.tex
\c@theorem=\count374
\c@pr=\count375
\c@pf=\count376
\c@algo=\count377
\c@definition=\count378
\c@lemma=\count379
\c@corollary=\count380

(C:\MiKTex\tex/latex/background\background.sty
Package: background 2014/03/04 v2.1 background material

(C:\MiKTex\tex/latex/everypage\everypage.sty
Package: everypage 2020/10/17 R2.0b Hooks to run on every page


Package everypage Warning: Functionality similar to this package has recently
(everypage)                been implemented in LaTeX. This package is now in
(everypage)                legacy status.
(everypage)                Please, don't use it in new documents and packages.


Package everypage Warning: You appear to be running a version of LaTeX
(everypage)                providing the new functionality.
(everypage)                Doing the best to deliver the original `everypage`
(everypage)                interface on top of it. Strict equivalence is
(everypage)                not possible, breakage may occur.
(everypage)                If truly needed, Use `everypage-1x` to force the
(everypage)                loading of an older code base.

)))
\@indexfile=\write5
\openout5 = `masterthesisCJK.idx'.


Writing index file masterthesisCJK.idx

LaTeX Warning: Unused global option(s):
    [oneside].

(masterthesisCJK.aux (abstractcn.aux) (abstracten.aux) (lists.aux) (symbol.aux)
(chapter1.aux) (chapter2.aux) (chapter3.aux) (chapter4.aux) (chapter5.aux)
(chapter6.aux) (chapter7.aux) (bibli.aux))
\openout1 = `masterthesisCJK.aux'.

LaTeX Font Info:    Checking defaults for OML/cmm/m/it on input line 82.
LaTeX Font Info:    ... okay on input line 82.
LaTeX Font Info:    Checking defaults for OMS/cmsy/m/n on input line 82.
LaTeX Font Info:    ... okay on input line 82.
LaTeX Font Info:    Checking defaults for OT1/cmr/m/n on input line 82.
LaTeX Font Info:    ... okay on input line 82.
LaTeX Font Info:    Checking defaults for T1/cmr/m/n on input line 82.
LaTeX Font Info:    ... okay on input line 82.
LaTeX Font Info:    Checking defaults for TS1/cmr/m/n on input line 82.
LaTeX Font Info:    ... okay on input line 82.
LaTeX Font Info:    Checking defaults for OMX/cmex/m/n on input line 82.
LaTeX Font Info:    ... okay on input line 82.
LaTeX Font Info:    Checking defaults for U/cmr/m/n on input line 82.
LaTeX Font Info:    ... okay on input line 82.
LaTeX Font Info:    Checking defaults for C00/song/m/n on input line 82.
LaTeX Font Info:    ... okay on input line 82.
LaTeX Font Info:    Checking defaults for C05/song/m/n on input line 82.
LaTeX Font Info:    ... okay on input line 82.
LaTeX Font Info:    Checking defaults for C09/song/m/n on input line 82.
LaTeX Font Info:    ... okay on input line 82.
LaTeX Font Info:    Checking defaults for C10/song/m/n on input line 82.
LaTeX Font Info:    ... okay on input line 82.
LaTeX Font Info:    Checking defaults for C20/song/m/n on input line 82.
LaTeX Font Info:    ... okay on input line 82.
LaTeX Font Info:    Checking defaults for C19/song/m/n on input line 82.
LaTeX Font Info:    ... okay on input line 82.
LaTeX Font Info:    Checking defaults for C40/song/m/n on input line 82.
LaTeX Font Info:    ... okay on input line 82.
LaTeX Font Info:    Checking defaults for C42/song/m/n on input line 82.
LaTeX Font Info:    ... okay on input line 82.
LaTeX Font Info:    Checking defaults for C43/song/m/n on input line 82.
LaTeX Font Info:    ... okay on input line 82.
LaTeX Font Info:    Checking defaults for C50/song/m/n on input line 82.
LaTeX Font Info:    ... okay on input line 82.
LaTeX Font Info:    Checking defaults for C52/song/m/n on input line 82.
LaTeX Font Info:    ... okay on input line 82.
LaTeX Font Info:    Checking defaults for C49/song/m/n on input line 82.
LaTeX Font Info:    ... okay on input line 82.
LaTeX Font Info:    Checking defaults for C60/mj/m/n on input line 82.
LaTeX Font Info:    ... okay on input line 82.
LaTeX Font Info:    Checking defaults for C61/mj/m/n on input line 82.
LaTeX Font Info:    ... okay on input line 82.
LaTeX Font Info:    Checking defaults for C63/mj/m/n on input line 82.
LaTeX Font Info:    ... okay on input line 82.
LaTeX Font Info:    Checking defaults for C64/mj/m/n on input line 82.
LaTeX Font Info:    ... okay on input line 82.
LaTeX Font Info:    Checking defaults for C65/mj/m/n on input line 82.
LaTeX Font Info:    ... okay on input line 82.
LaTeX Font Info:    Checking defaults for C70/song/m/n on input line 82.
LaTeX Font Info:    ... okay on input line 82.
LaTeX Font Info:    Checking defaults for C31/song/m/n on input line 82.
LaTeX Font Info:    ... okay on input line 82.
LaTeX Font Info:    Checking defaults for C32/song/m/n on input line 82.
LaTeX Font Info:    ... okay on input line 82.
LaTeX Font Info:    Checking defaults for C33/song/m/n on input line 82.
LaTeX Font Info:    ... okay on input line 82.
LaTeX Font Info:    Checking defaults for C34/song/m/n on input line 82.
LaTeX Font Info:    ... okay on input line 82.
LaTeX Font Info:    Checking defaults for C35/song/m/n on input line 82.
LaTeX Font Info:    ... okay on input line 82.
LaTeX Font Info:    Checking defaults for C36/song/m/n on input line 82.
LaTeX Font Info:    ... okay on input line 82.
LaTeX Font Info:    Checking defaults for C37/song/m/n on input line 82.
LaTeX Font Info:    ... okay on input line 82.
LaTeX Font Info:    Checking defaults for C80/song/m/n on input line 82.
LaTeX Font Info:    ... okay on input line 82.
LaTeX Font Info:    Checking defaults for C81/song/m/n on input line 82.
LaTeX Font Info:    ... okay on input line 82.
LaTeX Font Info:    Checking defaults for C01/song/m/n on input line 82.
LaTeX Font Info:    ... okay on input line 82.
LaTeX Font Info:    Checking defaults for C11/song/m/n on input line 82.
LaTeX Font Info:    ... okay on input line 82.
LaTeX Font Info:    Checking defaults for C21/song/m/n on input line 82.
LaTeX Font Info:    ... okay on input line 82.
LaTeX Font Info:    Checking defaults for C41/song/m/n on input line 82.
LaTeX Font Info:    ... okay on input line 82.
LaTeX Font Info:    Checking defaults for C62/song/m/n on input line 82.
LaTeX Font Info:    ... okay on input line 82.
LaTeX Font Info:    Checking defaults for PD1/pdf/m/n on input line 82.
LaTeX Font Info:    ... okay on input line 82.
LaTeX Font Info:    Checking defaults for PU/pdf/m/n on input line 82.
LaTeX Font Info:    ... okay on input line 82.

(C:\MiKTex\tex/context/base/mkii\supp-pdf.mkii
[Loading MPS to PDF converter (version 2006.09.02).]
\scratchcounter=\count381
\scratchdimen=\dimen313
\scratchbox=\box88
\nofMPsegments=\count382
\nofMParguments=\count383
\everyMPshowfont=\toks56
\MPscratchCnt=\count384
\MPscratchDim=\dimen314
\MPnumerator=\count385
\makeMPintoPDFobject=\count386
\everyMPtoPDFconversion=\toks57
)
Package hyperref Info: Link coloring OFF on input line 82.
 (masterthesisCJK.out) (masterthesisCJK.out)
\@outlinefile=\write6
\openout6 = `masterthesisCJK.out'.

Package caption Info: Begin \AtBeginDocument code.
Package caption Info: float package is loaded.
Package caption Info: End \AtBeginDocument code.

(C:\MiKTex\tex/latex/cjk/UTF8\UTF8.bdg
File: UTF8.bdg 2021/10/16 4.8.5
) (C:\MiKTex\tex/latex/cjk/UTF8\UTF8.enc
File: UTF8.enc 2021/10/16 4.8.5
) (C:\MiKTex\tex/latex/cjk/UTF8\UTF8.chr
File: UTF8.chr 2021/10/16 4.8.5
)
LaTeX Font Info:    Trying to load font information for C70+bkai on input line 
87.

(C:\MiKTex\tex/latex/cjk/UTF8\c70bkai.fd
File: c70bkai.fd 2021/10/16 4.8.5
)
(C:\MiKTex\tex/latex/cjk/UTF8\c70bkai.fdx
File: c70bkai.fdx 2021/10/16 4.8.5
)
LaTeX Font Info:    Trying to load font information for U+msa on input line 87.


(C:\MiKTex\tex/latex/amsfonts\umsa.fd
File: umsa.fd 2013/01/14 v3.01 AMS symbols A
)
LaTeX Font Info:    Trying to load font information for U+msb on input line 87.

 (C:\MiKTex\tex/latex/amsfonts\umsb.fd
File: umsb.fd 2013/01/14 v3.01 AMS symbols B
)
LaTeX Font Info:    Trying to load font information for U+esvect on input line 
87.

(C:\MiKTex\tex/latex/esvect\uesvect.fd
File: uesvect.fd 
) [1


{C:/Users/RSL/AppData/Local/MiKTeX/fonts/map/pdftex/pdftex.map}] [2


]
<4.pdf, id=181, 614.295pt x 794.97pt>
File: 4.pdf Graphic file (type pdf)
<use 4.pdf>
Package pdftex.def Info: 4.pdf  used on input line 92.
(pdftex.def)             Requested size: 614.29349pt x 794.96806pt.
File: 4.pdf Graphic file (type pdf)
<use 4.pdf>
Package pdftex.def Info: 4.pdf  used on input line 92.
(pdftex.def)             Requested size: 614.29349pt x 794.96806pt.
<4.pdf, id=184, page=1, 614.295pt x 794.97pt>
File: 4.pdf Graphic file (type pdf)
<use 4.pdf, page 1>
Package pdftex.def Info: 4.pdf , page1 used on input line 92.
(pdftex.def)             Requested size: 614.29349pt x 794.96806pt.
File: 4.pdf Graphic file (type pdf)
<use 4.pdf, page 1>
Package pdftex.def Info: 4.pdf , page1 used on input line 92.
(pdftex.def)             Requested size: 552.86038pt x 715.4664pt.
File: 4.pdf Graphic file (type pdf)
<use 4.pdf, page 1>
Package pdftex.def Info: 4.pdf , page1 used on input line 92.
(pdftex.def)             Requested size: 552.86038pt x 715.4664pt.
File: 4.pdf Graphic file (type pdf)
<use 4.pdf, page 1>
Package pdftex.def Info: 4.pdf , page1 used on input line 92.
(pdftex.def)             Requested size: 552.86038pt x 715.4664pt.
File: 4.pdf Graphic file (type pdf)
<use 4.pdf, page 1>
Package pdftex.def Info: 4.pdf , page1 used on input line 92.
(pdftex.def)             Requested size: 552.86038pt x 715.4664pt.
<NCUlogo.jpg, id=185, 60.225pt x 50.589pt>
File: NCUlogo.jpg Graphic file (type jpg)
<use NCUlogo.jpg>
Package pdftex.def Info: NCUlogo.jpg  used on input line 92.
(pdftex.def)             Requested size: 60.22484pt x 50.58887pt.
 [3


 <./4.pdf> <./NCUlogo.jpg>]
<3.pdf, id=194, 614.295pt x 794.97pt>
File: 3.pdf Graphic file (type pdf)
<use 3.pdf>
Package pdftex.def Info: 3.pdf  used on input line 93.
(pdftex.def)             Requested size: 614.29349pt x 794.96806pt.
File: 3.pdf Graphic file (type pdf)
<use 3.pdf>
Package pdftex.def Info: 3.pdf  used on input line 93.
(pdftex.def)             Requested size: 614.29349pt x 794.96806pt.
<3.pdf, id=197, page=1, 614.295pt x 794.97pt>
File: 3.pdf Graphic file (type pdf)
<use 3.pdf, page 1>
Package pdftex.def Info: 3.pdf , page1 used on input line 93.
(pdftex.def)             Requested size: 614.29349pt x 794.96806pt.
File: 3.pdf Graphic file (type pdf)
<use 3.pdf, page 1>
Package pdftex.def Info: 3.pdf , page1 used on input line 93.
(pdftex.def)             Requested size: 552.86038pt x 715.4664pt.
File: 3.pdf Graphic file (type pdf)
<use 3.pdf, page 1>
Package pdftex.def Info: 3.pdf , page1 used on input line 93.
(pdftex.def)             Requested size: 552.86038pt x 715.4664pt.
File: 3.pdf Graphic file (type pdf)
<use 3.pdf, page 1>
Package pdftex.def Info: 3.pdf , page1 used on input line 93.
(pdftex.def)             Requested size: 552.86038pt x 715.4664pt.
File: 3.pdf Graphic file (type pdf)
<use 3.pdf, page 1>
Package pdftex.def Info: 3.pdf , page1 used on input line 93.
(pdftex.def)             Requested size: 552.86038pt x 715.4664pt.
File: NCUlogo.jpg Graphic file (type jpg)
<use NCUlogo.jpg>
Package pdftex.def Info: NCUlogo.jpg  used on input line 93.
(pdftex.def)             Requested size: 60.22484pt x 50.58887pt.
 [4 <./3.pdf>]

pdfTeX warning: pdflatex.exe (file ./1.pdf): PDF inclusion: found PDF version <
1.7>, but at most version <1.5> allowed
<1.pdf, id=206, 596.98032pt x 844.65562pt>
File: 1.pdf Graphic file (type pdf)
<use 1.pdf>
Package pdftex.def Info: 1.pdf  used on input line 94.
(pdftex.def)             Requested size: 596.97885pt x 844.65356pt.


pdfTeX warning: pdflatex.exe (file ./1.pdf): PDF inclusion: found PDF version <
1.7>, but at most version <1.5> allowed
File: 1.pdf Graphic file (type pdf)
<use 1.pdf>
Package pdftex.def Info: 1.pdf  used on input line 94.
(pdftex.def)             Requested size: 596.97885pt x 844.65356pt.


pdfTeX warning: pdflatex.exe (file ./1.pdf): PDF inclusion: found PDF version <
1.7>, but at most version <1.5> allowed


pdfTeX warning: pdflatex.exe (file ./1.pdf): PDF inclusion: found PDF version <
1.7>, but at most version <1.5> allowed
<1.pdf, id=209, page=1, 596.98032pt x 844.65562pt>
File: 1.pdf Graphic file (type pdf)
<use 1.pdf, page 1>
Package pdftex.def Info: 1.pdf , page1 used on input line 94.
(pdftex.def)             Requested size: 596.97885pt x 844.65356pt.
File: 1.pdf Graphic file (type pdf)
<use 1.pdf, page 1>
Package pdftex.def Info: 1.pdf , page1 used on input line 94.
(pdftex.def)             Requested size: 537.27731pt x 760.18304pt.
File: 1.pdf Graphic file (type pdf)
<use 1.pdf, page 1>
Package pdftex.def Info: 1.pdf , page1 used on input line 94.
(pdftex.def)             Requested size: 537.27731pt x 760.18304pt.
File: 1.pdf Graphic file (type pdf)
<use 1.pdf, page 1>
Package pdftex.def Info: 1.pdf , page1 used on input line 94.
(pdftex.def)             Requested size: 537.27731pt x 760.18304pt.
File: 1.pdf Graphic file (type pdf)
<use 1.pdf, page 1>
Package pdftex.def Info: 1.pdf , page1 used on input line 94.
(pdftex.def)             Requested size: 537.27731pt x 760.18304pt.
File: NCUlogo.jpg Graphic file (type jpg)
<use NCUlogo.jpg>
Package pdftex.def Info: NCUlogo.jpg  used on input line 94.
(pdftex.def)             Requested size: 60.22484pt x 50.58887pt.
[5 <./1.pdf, page is rotated 270 degrees>]
<2.pdf, id=219, 598.235pt x 839.135pt>
File: 2.pdf Graphic file (type pdf)
<use 2.pdf>
Package pdftex.def Info: 2.pdf  used on input line 95.
(pdftex.def)             Requested size: 598.23354pt x 839.13293pt.
File: 2.pdf Graphic file (type pdf)
<use 2.pdf>
Package pdftex.def Info: 2.pdf  used on input line 95.
(pdftex.def)             Requested size: 598.23354pt x 839.13293pt.
<2.pdf, id=222, page=1, 598.235pt x 839.135pt>
File: 2.pdf Graphic file (type pdf)
<use 2.pdf, page 1>
Package pdftex.def Info: 2.pdf , page1 used on input line 95.
(pdftex.def)             Requested size: 598.23354pt x 839.13293pt.
File: 2.pdf Graphic file (type pdf)
<use 2.pdf, page 1>
Package pdftex.def Info: 2.pdf , page1 used on input line 95.
(pdftex.def)             Requested size: 538.40652pt x 755.21451pt.
File: 2.pdf Graphic file (type pdf)
<use 2.pdf, page 1>
Package pdftex.def Info: 2.pdf , page1 used on input line 95.
(pdftex.def)             Requested size: 538.40652pt x 755.21451pt.
File: 2.pdf Graphic file (type pdf)
<use 2.pdf, page 1>
Package pdftex.def Info: 2.pdf , page1 used on input line 95.
(pdftex.def)             Requested size: 538.40652pt x 755.21451pt.
File: 2.pdf Graphic file (type pdf)
<use 2.pdf, page 1>
Package pdftex.def Info: 2.pdf , page1 used on input line 95.
(pdftex.def)             Requested size: 538.40652pt x 755.21451pt.
File: NCUlogo.jpg Graphic file (type jpg)
<use NCUlogo.jpg>
Package pdftex.def Info: NCUlogo.jpg  used on input line 95.
(pdftex.def)             Requested size: 60.22484pt x 50.58887pt.
 [6 <./2.pdf, page is rotated 180 degrees>]
\openout2 = `abstractcn.aux'.

 (abstractcn.tex
LaTeX Font Info:    Trying to load font information for T1+cmss on input line 6
.
 (C:\MiKTex\tex/latex/base\t1cmss.fd
File: t1cmss.fd 2019/12/16 v2.5j Standard LaTeX font definitions
)
LaTeX Font Info:    Calculating math sizes for size <14> on input line 14.
File: NCUlogo.jpg Graphic file (type jpg)
<use NCUlogo.jpg>
Package pdftex.def Info: NCUlogo.jpg  used on input line 16.
(pdftex.def)             Requested size: 60.22484pt x 50.58887pt.
 [1



])
\openout2 = `abstracten.aux'.


(abstracten.tex
File: NCUlogo.jpg Graphic file (type jpg)
<use NCUlogo.jpg>
Package pdftex.def Info: NCUlogo.jpg  used on input line 14.
(pdftex.def)             Requested size: 60.22484pt x 50.58887pt.
 [2






])
\openout2 = `lists.aux'.

 (lists.tex (masterthesisCJK.toc
Overfull \hbox (3.15169pt too wide) detected at line 6
 []\T1/cmr/m/n/14.4 viii[]
 []

File: NCUlogo.jpg Graphic file (type jpg)
<use NCUlogo.jpg>
Package pdftex.def Info: NCUlogo.jpg  used on input line 30.
(pdftex.def)             Requested size: 60.22484pt x 50.58887pt.
[3






])
\tf@toc=\write7
\openout7 = `masterthesisCJK.toc'.

File: NCUlogo.jpg Graphic file (type jpg)
<use NCUlogo.jpg>
Package pdftex.def Info: NCUlogo.jpg  used on input line 4.
(pdftex.def)             Requested size: 60.22484pt x 50.58887pt.
 [4] (masterthesisCJK.lof
File: NCUlogo.jpg Graphic file (type jpg)
<use NCUlogo.jpg>
Package pdftex.def Info: NCUlogo.jpg  used on input line 10.
(pdftex.def)             Requested size: 60.22484pt x 50.58887pt.
 [5


]
File: NCUlogo.jpg Graphic file (type jpg)
<use NCUlogo.jpg>
Package pdftex.def Info: NCUlogo.jpg  used on input line 22.
(pdftex.def)             Requested size: 60.22484pt x 50.58887pt.
 [6])
\tf@lof=\write8
\openout8 = `masterthesisCJK.lof'.

File: NCUlogo.jpg Graphic file (type jpg)
<use NCUlogo.jpg>
Package pdftex.def Info: NCUlogo.jpg  used on input line 8.
(pdftex.def)             Requested size: 60.22484pt x 50.58887pt.
 [7] (masterthesisCJK.lot)
\tf@lot=\write9
\openout9 = `masterthesisCJK.lot'.

)
File: NCUlogo.jpg Graphic file (type jpg)
<use NCUlogo.jpg>
Package pdftex.def Info: NCUlogo.jpg  used on input line 102.
(pdftex.def)             Requested size: 60.22484pt x 50.58887pt.
 [8


]
\openout2 = `symbol.aux'.


No file symbol.tex.
\openout2 = `chapter1.aux'.

(chapter1.tex
Chapter 1.
<./figures//method_intro.jpg, id=589, 804.00375pt x 472.76625pt>
File: ./figures//method_intro.jpg Graphic file (type jpg)
<use ./figures//method_intro.jpg>
Package pdftex.def Info: ./figures//method_intro.jpg  used on input line 19.
(pdftex.def)             Requested size: 426.79134pt x 250.95445pt.
File: NCUlogo.jpg Graphic file (type jpg)
<use NCUlogo.jpg>
Package pdftex.def Info: NCUlogo.jpg  used on input line 51.
(pdftex.def)             Requested size: 60.22484pt x 50.58887pt.
[1








])
File: NCUlogo.jpg Graphic file (type jpg)
<use NCUlogo.jpg>
Package pdftex.def Info: NCUlogo.jpg  used on input line 108.
(pdftex.def)             Requested size: 60.22484pt x 50.58887pt.
 [2 <./figures//method_intro.jpg>]
File: NCUlogo.jpg Graphic file (type jpg)
<use NCUlogo.jpg>
Package pdftex.def Info: NCUlogo.jpg  used on input line 108.
(pdftex.def)             Requested size: 60.22484pt x 50.58887pt.
 [3]
\openout2 = `chapter2.aux'.

 (chapter2.tex
Chapter 2.

Overfull \hbox (12.18022pt too wide) in paragraph at lines 6--10
\T1/cmr/m/n/14.4 agents to es-ti-mate the prob-a-bil-ity dis-tri-bu-tion of the
 tar-gets [[]12[]]. Decision-
 []

File: NCUlogo.jpg Graphic file (type jpg)
<use NCUlogo.jpg>
Package pdftex.def Info: NCUlogo.jpg  used on input line 29.
(pdftex.def)             Requested size: 60.22484pt x 50.58887pt.
[4




]
File: NCUlogo.jpg Graphic file (type jpg)
<use NCUlogo.jpg>
Package pdftex.def Info: NCUlogo.jpg  used on input line 49.
(pdftex.def)             Requested size: 60.22484pt x 50.58887pt.
 [5])
File: NCUlogo.jpg Graphic file (type jpg)
<use NCUlogo.jpg>
Package pdftex.def Info: NCUlogo.jpg  used on input line 109.
(pdftex.def)             Requested size: 60.22484pt x 50.58887pt.
 [6]
\openout2 = `chapter3.aux'.

 (chapter3.tex
Chapter 3.
Package epstopdf Info: Source file: <./figures//sub6.eps>
(epstopdf)                    date: 2023-07-24 14:20:39
(epstopdf)                    size: 1389314 bytes
(epstopdf)             Output file: <./figures//sub6-eps-converted-to.pdf>
(epstopdf)                    date: 2023-07-24 14:20:39
(epstopdf)                    size: 8959 bytes
(epstopdf)             Command: <miktex-epstopdf --outfile=./figures//sub6-eps-
converted-to.pdf ./figures//sub6.eps>
(epstopdf)             \includegraphics on input line 31.
Package epstopdf Info: Output file is already uptodate.


pdfTeX warning: pdflatex.exe (file ./figures//sub6-eps-converted-to.pdf): PDF i
nclusion: found PDF version <1.7>, but at most version <1.5> allowed
<./figures//sub6-eps-converted-to.pdf, id=718, 262.9825pt x 200.75pt>
File: ./figures//sub6-eps-converted-to.pdf Graphic file (type pdf)
<use ./figures//sub6-eps-converted-to.pdf>
Package pdftex.def Info: ./figures//sub6-eps-converted-to.pdf  used on input li
ne 31.
(pdftex.def)             Requested size: 93.8946pt x 71.67567pt.
Package epstopdf Info: Source file: <./figures//sub7.eps>
(epstopdf)                    date: 2023-07-24 14:20:39
(epstopdf)                    size: 1386780 bytes
(epstopdf)             Output file: <./figures//sub7-eps-converted-to.pdf>
(epstopdf)                    date: 2023-07-24 14:20:39
(epstopdf)                    size: 11816 bytes
(epstopdf)             Command: <miktex-epstopdf --outfile=./figures//sub7-eps-
converted-to.pdf ./figures//sub7.eps>
(epstopdf)             \includegraphics on input line 36.
Package epstopdf Info: Output file is already uptodate.


pdfTeX warning: pdflatex.exe (file ./figures//sub7-eps-converted-to.pdf): PDF i
nclusion: found PDF version <1.7>, but at most version <1.5> allowed
<./figures//sub7-eps-converted-to.pdf, id=719, 262.9825pt x 200.75pt>
File: ./figures//sub7-eps-converted-to.pdf Graphic file (type pdf)
<use ./figures//sub7-eps-converted-to.pdf>
Package pdftex.def Info: ./figures//sub7-eps-converted-to.pdf  used on input li
ne 36.
(pdftex.def)             Requested size: 93.8946pt x 71.67567pt.
Package epstopdf Info: Source file: <./figures//sub5.eps>
(epstopdf)                    date: 2023-07-24 14:20:39
(epstopdf)                    size: 3036781 bytes
(epstopdf)             Output file: <./figures//sub5-eps-converted-to.pdf>
(epstopdf)                    date: 2023-07-24 14:31:49
(epstopdf)                    size: 78261 bytes
(epstopdf)             Command: <miktex-epstopdf --outfile=./figures//sub5-eps-
converted-to.pdf ./figures//sub5.eps>
(epstopdf)             \includegraphics on input line 41.
Package epstopdf Info: Output file is already uptodate.


pdfTeX warning: pdflatex.exe (file ./figures//sub5-eps-converted-to.pdf): PDF i
nclusion: found PDF version <1.7>, but at most version <1.5> allowed
<./figures//sub5-eps-converted-to.pdf, id=720, 578.16pt x 200.75pt>
File: ./figures//sub5-eps-converted-to.pdf Graphic file (type pdf)
<use ./figures//sub5-eps-converted-to.pdf>
Package pdftex.def Info: ./figures//sub5-eps-converted-to.pdf  used on input li
ne 41.
(pdftex.def)             Requested size: 187.78922pt x 65.20314pt.
File: NCUlogo.jpg Graphic file (type jpg)
<use NCUlogo.jpg>
Package pdftex.def Info: NCUlogo.jpg  used on input line 59.
(pdftex.def)             Requested size: 60.22484pt x 50.58887pt.
[7




]
Overfull \hbox (14.76402pt too wide) in paragraph at lines 101--104
[][]\T1/cmr/bx/n/14.4 Theorem 3.1 \T1/cmr/m/n/14.4 (Lower bound of GCB un-der t
he tree-struc-tured graph [[]10[]])\T1/cmr/bx/n/14.4 .
 []

File: NCUlogo.jpg Graphic file (type jpg)
<use NCUlogo.jpg>
Package pdftex.def Info: NCUlogo.jpg  used on input line 125.
(pdftex.def)             Requested size: 60.22484pt x 50.58887pt.
[8 <./figures//sub6-eps-converted-to.pdf> <./figures//sub7-eps-converted-to.pdf
> <./figures//sub5-eps-converted-to.pdf>]
Overfull \hbox (13.37732pt too wide) in paragraph at lines 130--131
[][]\T1/cmr/bx/n/14.4 Definition 4 \T1/cmr/m/n/14.4 (The ob-jec-tive func-tion 
of Prim and Di-jk-stra al-go-rithm [[]39[]])\T1/cmr/bx/n/14.4 .
 []

<./figures//pt.jpg, id=763, 562.1pt x 421.575pt>
File: ./figures//pt.jpg Graphic file (type jpg)
<use ./figures//pt.jpg>
Package pdftex.def Info: ./figures//pt.jpg  used on input line 199.
(pdftex.def)             Requested size: 93.8946pt x 70.41885pt.
<./figures//toy_alpha_00.jpg, id=764, 562.1pt x 421.575pt>
File: ./figures//toy_alpha_00.jpg Graphic file (type jpg)
<use ./figures//toy_alpha_00.jpg>
Package pdftex.def Info: ./figures//toy_alpha_00.jpg  used on input line 204.
(pdftex.def)             Requested size: 93.8946pt x 70.41885pt.
<./figures//toy_alpha_10.jpg, id=765, 562.1pt x 421.575pt>
File: ./figures//toy_alpha_10.jpg Graphic file (type jpg)
<use ./figures//toy_alpha_10.jpg>
Package pdftex.def Info: ./figures//toy_alpha_10.jpg  used on input line 209.
(pdftex.def)             Requested size: 93.8946pt x 70.41885pt.
<./figures//toy_alpha_05.jpg, id=766, 562.1pt x 421.575pt>
File: ./figures//toy_alpha_05.jpg Graphic file (type jpg)
<use ./figures//toy_alpha_05.jpg>
Package pdftex.def Info: ./figures//toy_alpha_05.jpg  used on input line 214.
(pdftex.def)             Requested size: 93.8946pt x 70.41885pt.
File: NCUlogo.jpg Graphic file (type jpg)
<use NCUlogo.jpg>
Package pdftex.def Info: NCUlogo.jpg  used on input line 233.
(pdftex.def)             Requested size: 60.22484pt x 50.58887pt.
[9 <./figures//pt.jpg> <./figures//toy_alpha_00.jpg> <./figures//toy_alpha_10.j
pg> <./figures//toy_alpha_05.jpg>]
<./figures//EPD_z.jpg, id=778, 341.02406pt x 433.62pt>
File: ./figures//EPD_z.jpg Graphic file (type jpg)
<use ./figures//EPD_z.jpg>
Package pdftex.def Info: ./figures//EPD_z.jpg  used on input line 266.
(pdftex.def)             Requested size: 213.39566pt x 271.34265pt.
)
File: NCUlogo.jpg Graphic file (type jpg)
<use NCUlogo.jpg>
Package pdftex.def Info: NCUlogo.jpg  used on input line 110.
(pdftex.def)             Requested size: 60.22484pt x 50.58887pt.
 [10]
File: NCUlogo.jpg Graphic file (type jpg)
<use NCUlogo.jpg>
Package pdftex.def Info: NCUlogo.jpg  used on input line 110.
(pdftex.def)             Requested size: 60.22484pt x 50.58887pt.
 [11 <./figures//EPD_z.jpg>]
\openout2 = `chapter4.aux'.


(chapter4.tex
Chapter 4.
File: NCUlogo.jpg Graphic file (type jpg)
<use NCUlogo.jpg>
Package pdftex.def Info: NCUlogo.jpg  used on input line 32.
(pdftex.def)             Requested size: 60.22484pt x 50.58887pt.
[12




]
<./figures//toy_resol.jpg, id=809, 562.1pt x 421.575pt>
File: ./figures//toy_resol.jpg Graphic file (type jpg)
<use ./figures//toy_resol.jpg>
Package pdftex.def Info: ./figures//toy_resol.jpg  used on input line 61.
(pdftex.def)             Requested size: 426.79134pt x 320.09155pt.
<./figures//pt_pd.jpg, id=810, 213.04594pt x 173.14688pt>
File: ./figures//pt_pd.jpg Graphic file (type jpg)
<use ./figures//pt_pd.jpg>
Package pdftex.def Info: ./figures//pt_pd.jpg  used on input line 74.
(pdftex.def)             Requested size: 187.78922pt x 152.62863pt.
<./figures//toy_mst.jpg, id=811, 562.1pt x 421.575pt>
File: ./figures//toy_mst.jpg Graphic file (type jpg)
<use ./figures//toy_mst.jpg>
Package pdftex.def Info: ./figures//toy_mst.jpg  used on input line 79.
(pdftex.def)             Requested size: 213.39566pt x 160.04578pt.
<./figures//pt3.jpg, id=812, 562.1pt x 421.575pt>
File: ./figures//pt3.jpg Graphic file (type jpg)
<use ./figures//pt3.jpg>
Package pdftex.def Info: ./figures//pt3.jpg  used on input line 84.
(pdftex.def)             Requested size: 213.39566pt x 160.04578pt.
<./figures//glimpse.jpg, id=813, 562.1pt x 421.575pt>
File: ./figures//glimpse.jpg Graphic file (type jpg)
<use ./figures//glimpse.jpg>
Package pdftex.def Info: ./figures//glimpse.jpg  used on input line 89.
(pdftex.def)             Requested size: 187.78922pt x 140.8377pt.
File: NCUlogo.jpg Graphic file (type jpg)
<use NCUlogo.jpg>
Package pdftex.def Info: NCUlogo.jpg  used on input line 164.
(pdftex.def)             Requested size: 60.22484pt x 50.58887pt.
 [13]
File: NCUlogo.jpg Graphic file (type jpg)
<use NCUlogo.jpg>
Package pdftex.def Info: NCUlogo.jpg  used on input line 164.
(pdftex.def)             Requested size: 60.22484pt x 50.58887pt.
 [14 <./figures//toy_resol.jpg>]
File: NCUlogo.jpg Graphic file (type jpg)
<use NCUlogo.jpg>
Package pdftex.def Info: NCUlogo.jpg  used on input line 164.
(pdftex.def)             Requested size: 60.22484pt x 50.58887pt.
 [15 <./figures//pt_pd.jpg> <./figures//toy_mst.jpg> <./figures//pt3.jpg> <./fi
gures//glimpse.jpg>]
Underfull \hbox (badness 10000) in paragraph at lines 168--194

 []


Underfull \hbox (badness 10000) in paragraph at lines 168--194

 []


Underfull \hbox (badness 10000) in paragraph at lines 168--194

 []

File: NCUlogo.jpg Graphic file (type jpg)
<use NCUlogo.jpg>
Package pdftex.def Info: NCUlogo.jpg  used on input line 201.
(pdftex.def)             Requested size: 60.22484pt x 50.58887pt.
[16]
Underfull \hbox (badness 10000) in paragraph at lines 205--213

 []

<./figures//spt_.jpg, id=844, 322.95656pt x 191.21437pt>
File: ./figures//spt_.jpg Graphic file (type jpg)
<use ./figures//spt_.jpg>
Package pdftex.def Info: ./figures//spt_.jpg  used on input line 220.
(pdftex.def)             Requested size: 256.0774pt x 151.62372pt.
<./figures//51.jpg, id=847, 188.20313pt x 183.68625pt>
File: ./figures//51.jpg Graphic file (type jpg)
<use ./figures//51.jpg>
Package pdftex.def Info: ./figures//51.jpg  used on input line 229.
(pdftex.def)             Requested size: 140.84192pt x 137.47003pt.
<./figures//60.jpg, id=848, 192.72pt x 171.64125pt>
File: ./figures//60.jpg Graphic file (type jpg)
<use ./figures//60.jpg>
Package pdftex.def Info: ./figures//60.jpg  used on input line 234.
(pdftex.def)             Requested size: 153.64513pt x 136.83911pt.

Overfull \hbox (9.28345pt too wide) in paragraph at lines 265--269
\T1/cmr/m/n/14.4 ing num-ber prob-lem in-ves-ti-gates the max-i-mum num-ber of 
non-overlapping
 []

File: NCUlogo.jpg Graphic file (type jpg)
<use NCUlogo.jpg>
Package pdftex.def Info: NCUlogo.jpg  used on input line 269.
(pdftex.def)             Requested size: 60.22484pt x 50.58887pt.
[17 <./figures//spt_.jpg> <./figures//51.jpg> <./figures//60.jpg>]
Underfull \hbox (badness 10000) in paragraph at lines 296--297

 []


Underfull \hbox (badness 10000) in paragraph at lines 309--316

 []


Underfull \hbox (badness 10000) in paragraph at lines 309--316

 []

File: NCUlogo.jpg Graphic file (type jpg)
<use NCUlogo.jpg>
Package pdftex.def Info: NCUlogo.jpg  used on input line 347.
(pdftex.def)             Requested size: 60.22484pt x 50.58887pt.
[18]
<./figures//thm5_1.jpg, id=873, 562.1pt x 421.575pt>
File: ./figures//thm5_1.jpg Graphic file (type jpg)
<use ./figures//thm5_1.jpg>
Package pdftex.def Info: ./figures//thm5_1.jpg  used on input line 373.
(pdftex.def)             Requested size: 170.71393pt x 128.03018pt.
<./figures//thm5_2.jpg, id=874, 562.1pt x 421.575pt>
File: ./figures//thm5_2.jpg Graphic file (type jpg)
<use ./figures//thm5_2.jpg>
Package pdftex.def Info: ./figures//thm5_2.jpg  used on input line 378.
(pdftex.def)             Requested size: 170.71393pt x 128.03018pt.
<./figures//3D.jpg, id=877, 562.1pt x 421.575pt>
File: ./figures//3D.jpg Graphic file (type jpg)
<use ./figures//3D.jpg>
Package pdftex.def Info: ./figures//3D.jpg  used on input line 393.
(pdftex.def)             Requested size: 170.71393pt x 128.03018pt.
<./figures//3D_plus.jpg, id=878, 562.1pt x 421.575pt>
File: ./figures//3D_plus.jpg Graphic file (type jpg)
<use ./figures//3D_plus.jpg>
Package pdftex.def Info: ./figures//3D_plus.jpg  used on input line 398.
(pdftex.def)             Requested size: 170.71393pt x 128.03018pt.
File: NCUlogo.jpg Graphic file (type jpg)
<use NCUlogo.jpg>
Package pdftex.def Info: NCUlogo.jpg  used on input line 412.
(pdftex.def)             Requested size: 60.22484pt x 50.58887pt.
 [19 <./figures//thm5_1.jpg> <./figures//thm5_2.jpg>]
Overfull \hbox (5.93921pt too wide) in paragraph at lines 428--433
[][]\T1/cmr/bx/n/14.4 Theorem 4.5 \T1/cmr/m/n/14.4 (The the-o-ret-i-cal guar-an
-tees of GCB-SPT and GCB-MST)\T1/cmr/bx/n/14.4 .
 []

File: NCUlogo.jpg Graphic file (type jpg)
<use NCUlogo.jpg>
Package pdftex.def Info: NCUlogo.jpg  used on input line 457.
(pdftex.def)             Requested size: 60.22484pt x 50.58887pt.
[20 <./figures//3D.jpg> <./figures//3D_plus.jpg>]
Overfull \hbox (11.31148pt too wide) in paragraph at lines 529--533
[]\T1/cmr/m/n/14.4 The nu-mer-a-tor of the CBST ob-jec-tive func-tion is fixed 
(see Eq. []4.2[]).
 []


Underfull \hbox (badness 10000) in paragraph at lines 529--533

 []

File: NCUlogo.jpg Graphic file (type jpg)
<use NCUlogo.jpg>
Package pdftex.def Info: NCUlogo.jpg  used on input line 543.
(pdftex.def)             Requested size: 60.22484pt x 50.58887pt.
[21]
<./figures//toy_mst_path.jpg, id=924, 562.1pt x 421.575pt>
File: ./figures//toy_mst_path.jpg Graphic file (type jpg)
<use ./figures//toy_mst_path.jpg>
Package pdftex.def Info: ./figures//toy_mst_path.jpg  used on input line 556.
(pdftex.def)             Requested size: 187.78922pt x 140.8377pt.
<./figures//toy_cbst_path.jpg, id=925, 562.1pt x 421.575pt>
File: ./figures//toy_cbst_path.jpg Graphic file (type jpg)
<use ./figures//toy_cbst_path.jpg>
Package pdftex.def Info: ./figures//toy_cbst_path.jpg  used on input line 561.
(pdftex.def)             Requested size: 187.78922pt x 140.8377pt.
)
File: NCUlogo.jpg Graphic file (type jpg)
<use NCUlogo.jpg>
Package pdftex.def Info: NCUlogo.jpg  used on input line 111.
(pdftex.def)             Requested size: 60.22484pt x 50.58887pt.
 [22 <./figures//toy_mst_path.jpg> <./figures//toy_cbst_path.jpg>]
\openout2 = `chapter5.aux'.


(chapter5.tex
Chapter 5.

Overfull \hbox (28.45274pt too wide) detected at line 42
[][] 
 []


Overfull \hbox (28.45274pt too wide) detected at line 71
[][] 
 []

)
File: NCUlogo.jpg Graphic file (type jpg)
<use NCUlogo.jpg>
Package pdftex.def Info: NCUlogo.jpg  used on input line 112.
(pdftex.def)             Requested size: 60.22484pt x 50.58887pt.
 [23




]
File: NCUlogo.jpg Graphic file (type jpg)
<use NCUlogo.jpg>
Package pdftex.def Info: NCUlogo.jpg  used on input line 112.
(pdftex.def)             Requested size: 60.22484pt x 50.58887pt.
 [24]
\openout2 = `chapter6.aux'.

 (chapter6.tex
Chapter 6.
File: NCUlogo.jpg Graphic file (type jpg)
<use NCUlogo.jpg>
Package pdftex.def Info: NCUlogo.jpg  used on input line 78.
(pdftex.def)             Requested size: 60.22484pt x 50.58887pt.
[25




]
<./figures//Ground_set.jpg, id=968, 562.1pt x 421.575pt>
File: ./figures//Ground_set.jpg Graphic file (type jpg)
<use ./figures//Ground_set.jpg>
Package pdftex.def Info: ./figures//Ground_set.jpg  used on input line 91.
(pdftex.def)             Requested size: 426.79134pt x 320.09155pt.
File: NCUlogo.jpg Graphic file (type jpg)
<use NCUlogo.jpg>
Package pdftex.def Info: NCUlogo.jpg  used on input line 111.
(pdftex.def)             Requested size: 60.22484pt x 50.58887pt.
 [26]
File: NCUlogo.jpg Graphic file (type jpg)
<use NCUlogo.jpg>
Package pdftex.def Info: NCUlogo.jpg  used on input line 111.
(pdftex.def)             Requested size: 60.22484pt x 50.58887pt.
 [27 <./figures//Ground_set.jpg>]
<./figures//lobby_and_subgoals.jpg, id=983, 365.86688pt x 391.4625pt>
File: ./figures//lobby_and_subgoals.jpg Graphic file (type jpg)
<use ./figures//lobby_and_subgoals.jpg>
Package pdftex.def Info: ./figures//lobby_and_subgoals.jpg  used on input line 
147.
(pdftex.def)             Requested size: 170.71393pt x 182.65536pt.
<./figures//det.jpg, id=984, 949.29657pt x 706.89093pt>
File: ./figures//det.jpg Graphic file (type jpg)
<use ./figures//det.jpg>
Package pdftex.def Info: ./figures//det.jpg  used on input line 157.
(pdftex.def)             Requested size: 170.71393pt x 127.11623pt.
<./figures//nx.jpg, id=985, 430.60875pt x 363.60844pt>
File: ./figures//nx.jpg Graphic file (type jpg)
<use ./figures//nx.jpg>
Package pdftex.def Info: ./figures//nx.jpg  used on input line 170.
(pdftex.def)             Requested size: 426.79134pt x 360.39513pt.


Package hyperref Warning: Token not allowed in a PDF string (Unicode):
(hyperref)                removing `math shift' on input line 175.


Package hyperref Warning: Token not allowed in a PDF string (Unicode):
(hyperref)                removing `math shift' on input line 175.

File: NCUlogo.jpg Graphic file (type jpg)
<use NCUlogo.jpg>
Package pdftex.def Info: NCUlogo.jpg  used on input line 181.
(pdftex.def)             Requested size: 60.22484pt x 50.58887pt.
[28 <./figures//lobby_and_subgoals.jpg> <./figures//det.jpg>]
File: NCUlogo.jpg Graphic file (type jpg)
<use NCUlogo.jpg>
Package pdftex.def Info: NCUlogo.jpg  used on input line 181.
(pdftex.def)             Requested size: 60.22484pt x 50.58887pt.
 [29 <./figures//nx.jpg>]
<./figures//mst_map1.jpg, id=1005, 562.1pt x 421.575pt>
File: ./figures//mst_map1.jpg Graphic file (type jpg)
<use ./figures//mst_map1.jpg>
Package pdftex.def Info: ./figures//mst_map1.jpg  used on input line 239.
(pdftex.def)             Requested size: 192.0548pt x 144.0412pt.
<./figures//spt_map1.jpg, id=1006, 562.1pt x 421.575pt>
File: ./figures//spt_map1.jpg Graphic file (type jpg)
<use ./figures//spt_map1.jpg>
Package pdftex.def Info: ./figures//spt_map1.jpg  used on input line 244.
(pdftex.def)             Requested size: 192.0548pt x 144.0412pt.
<./figures//f_c_map1.jpg, id=1007, 562.1pt x 421.575pt>
File: ./figures//f_c_map1.jpg Graphic file (type jpg)
<use ./figures//f_c_map1.jpg>
Package pdftex.def Info: ./figures//f_c_map1.jpg  used on input line 249.
(pdftex.def)             Requested size: 192.0548pt x 144.0412pt.
<./figures//mst_map2.jpg, id=1008, 562.1pt x 421.575pt>
File: ./figures//mst_map2.jpg Graphic file (type jpg)
<use ./figures//mst_map2.jpg>
Package pdftex.def Info: ./figures//mst_map2.jpg  used on input line 261.
(pdftex.def)             Requested size: 192.0548pt x 144.0412pt.
<./figures//spt_map2.jpg, id=1009, 562.1pt x 421.575pt>
File: ./figures//spt_map2.jpg Graphic file (type jpg)
<use ./figures//spt_map2.jpg>
Package pdftex.def Info: ./figures//spt_map2.jpg  used on input line 266.
(pdftex.def)             Requested size: 192.0548pt x 144.0412pt.
<./figures//f_c_map2.jpg, id=1010, 562.1pt x 421.575pt>
File: ./figures//f_c_map2.jpg Graphic file (type jpg)
<use ./figures//f_c_map2.jpg>
Package pdftex.def Info: ./figures//f_c_map2.jpg  used on input line 271.
(pdftex.def)             Requested size: 192.0548pt x 144.0412pt.


Package hyperref Warning: Token not allowed in a PDF string (Unicode):
(hyperref)                removing `math shift' on input line 280.


Package hyperref Warning: Token not allowed in a PDF string (Unicode):
(hyperref)                removing `math shift' on input line 280.

File: NCUlogo.jpg Graphic file (type jpg)
<use NCUlogo.jpg>
Package pdftex.def Info: NCUlogo.jpg  used on input line 304.
(pdftex.def)             Requested size: 60.22484pt x 50.58887pt.
[30]
File: NCUlogo.jpg Graphic file (type jpg)
<use NCUlogo.jpg>
Package pdftex.def Info: NCUlogo.jpg  used on input line 304.
(pdftex.def)             Requested size: 60.22484pt x 50.58887pt.
 [31 <./figures//mst_map1.jpg> <./figures//spt_map1.jpg> <./figures//f_c_map1.j
pg>]
File: NCUlogo.jpg Graphic file (type jpg)
<use NCUlogo.jpg>
Package pdftex.def Info: NCUlogo.jpg  used on input line 304.
(pdftex.def)             Requested size: 60.22484pt x 50.58887pt.
 [32 <./figures//mst_map2.jpg> <./figures//spt_map2.jpg> <./figures//f_c_map2.j
pg>]
<./figures//GCB_CBST_ETTD_map1.jpg, id=1027, 562.1pt x 421.575pt>
File: ./figures//GCB_CBST_ETTD_map1.jpg Graphic file (type jpg)
<use ./figures//GCB_CBST_ETTD_map1.jpg>
Package pdftex.def Info: ./figures//GCB_CBST_ETTD_map1.jpg  used on input line 
340.
(pdftex.def)             Requested size: 128.0387pt x 96.02747pt.
<./figures//GCB_SPT_ETTD_map1.jpg, id=1028, 562.1pt x 421.575pt>
File: ./figures//GCB_SPT_ETTD_map1.jpg Graphic file (type jpg)
<use ./figures//GCB_SPT_ETTD_map1.jpg>
Package pdftex.def Info: ./figures//GCB_SPT_ETTD_map1.jpg  used on input line 3
45.
(pdftex.def)             Requested size: 128.0387pt x 96.02747pt.
<./figures//GCB_MST_ETTD_map1.jpg, id=1029, 562.1pt x 421.575pt>
File: ./figures//GCB_MST_ETTD_map1.jpg Graphic file (type jpg)
<use ./figures//GCB_MST_ETTD_map1.jpg>
Package pdftex.def Info: ./figures//GCB_MST_ETTD_map1.jpg  used on input line 3
50.
(pdftex.def)             Requested size: 128.0387pt x 96.02747pt.
<./figures//GCB_ETTD_map1.jpg, id=1030, 562.1pt x 421.575pt>
File: ./figures//GCB_ETTD_map1.jpg Graphic file (type jpg)
<use ./figures//GCB_ETTD_map1.jpg>
Package pdftex.def Info: ./figures//GCB_ETTD_map1.jpg  used on input line 355.
(pdftex.def)             Requested size: 128.0387pt x 96.02747pt.
<./figures//A_ETTD_map1.jpg, id=1031, 562.1pt x 421.575pt>
File: ./figures//A_ETTD_map1.jpg Graphic file (type jpg)
<use ./figures//A_ETTD_map1.jpg>
Package pdftex.def Info: ./figures//A_ETTD_map1.jpg  used on input line 360.
(pdftex.def)             Requested size: 128.0387pt x 96.02747pt.
<./figures//GCB_CBST_ETTD_map2.jpg, id=1032, 562.1pt x 421.575pt>
File: ./figures//GCB_CBST_ETTD_map2.jpg Graphic file (type jpg)
<use ./figures//GCB_CBST_ETTD_map2.jpg>
Package pdftex.def Info: ./figures//GCB_CBST_ETTD_map2.jpg  used on input line 
372.
(pdftex.def)             Requested size: 128.0387pt x 96.02747pt.
<./figures//GCB_SPT_ETTD_map2.jpg, id=1033, 562.1pt x 421.575pt>
File: ./figures//GCB_SPT_ETTD_map2.jpg Graphic file (type jpg)
<use ./figures//GCB_SPT_ETTD_map2.jpg>
Package pdftex.def Info: ./figures//GCB_SPT_ETTD_map2.jpg  used on input line 3
77.
(pdftex.def)             Requested size: 128.0387pt x 96.02747pt.
<./figures//GCB_MST_ETTD_map2.jpg, id=1034, 562.1pt x 421.575pt>
File: ./figures//GCB_MST_ETTD_map2.jpg Graphic file (type jpg)
<use ./figures//GCB_MST_ETTD_map2.jpg>
Package pdftex.def Info: ./figures//GCB_MST_ETTD_map2.jpg  used on input line 3
82.
(pdftex.def)             Requested size: 128.0387pt x 96.02747pt.
<./figures//GCB_ETTD_map2.jpg, id=1035, 562.1pt x 421.575pt>
File: ./figures//GCB_ETTD_map2.jpg Graphic file (type jpg)
<use ./figures//GCB_ETTD_map2.jpg>
Package pdftex.def Info: ./figures//GCB_ETTD_map2.jpg  used on input line 387.
(pdftex.def)             Requested size: 128.0387pt x 96.02747pt.
<./figures//A_ETTD_map2.jpg, id=1036, 562.1pt x 421.575pt>
File: ./figures//A_ETTD_map2.jpg Graphic file (type jpg)
<use ./figures//A_ETTD_map2.jpg>
Package pdftex.def Info: ./figures//A_ETTD_map2.jpg  used on input line 392.
(pdftex.def)             Requested size: 128.0387pt x 96.02747pt.
File: NCUlogo.jpg Graphic file (type jpg)
<use NCUlogo.jpg>
Package pdftex.def Info: NCUlogo.jpg  used on input line 399.
(pdftex.def)             Requested size: 60.22484pt x 50.58887pt.
 [33 <./figures//GCB_CBST_ETTD_map1.jpg> <./figures//GCB_SPT_ETTD_map1.jpg> <./
figures//GCB_MST_ETTD_map1.jpg> <./figures//GCB_ETTD_map1.jpg> <./figures//A_ET
TD_map1.jpg>]
File: NCUlogo.jpg Graphic file (type jpg)
<use NCUlogo.jpg>
Package pdftex.def Info: NCUlogo.jpg  used on input line 399.
(pdftex.def)             Requested size: 60.22484pt x 50.58887pt.
 [34 <./figures//GCB_CBST_ETTD_map2.jpg> <./figures//GCB_SPT_ETTD_map2.jpg> <./
figures//GCB_MST_ETTD_map2.jpg> <./figures//GCB_ETTD_map2.jpg> <./figures//A_ET
TD_map2.jpg>]
<./figures//lobby_mst_10.jpg, id=1048, 562.1pt x 421.575pt>
File: ./figures//lobby_mst_10.jpg Graphic file (type jpg)
<use ./figures//lobby_mst_10.jpg>
Package pdftex.def Info: ./figures//lobby_mst_10.jpg  used on input line 438.
(pdftex.def)             Requested size: 192.0548pt x 144.0412pt.
<./figures//lobby_spt_10.jpg, id=1049, 562.1pt x 421.575pt>
File: ./figures//lobby_spt_10.jpg Graphic file (type jpg)
<use ./figures//lobby_spt_10.jpg>
Package pdftex.def Info: ./figures//lobby_spt_10.jpg  used on input line 443.
(pdftex.def)             Requested size: 192.0548pt x 144.0412pt.
<./figures//lobby_cbst_10.jpg, id=1050, 562.1pt x 421.575pt>
File: ./figures//lobby_cbst_10.jpg Graphic file (type jpg)
<use ./figures//lobby_cbst_10.jpg>
Package pdftex.def Info: ./figures//lobby_cbst_10.jpg  used on input line 448.
(pdftex.def)             Requested size: 192.0548pt x 144.0412pt.


Package hyperref Warning: Token not allowed in a PDF string (Unicode):
(hyperref)                removing `math shift' on input line 481.


Package hyperref Warning: Token not allowed in a PDF string (Unicode):
(hyperref)                removing `math shift' on input line 481.


Package hyperref Warning: Token not allowed in a PDF string (Unicode):
(hyperref)                removing `math shift' on input line 481.


Package hyperref Warning: Token not allowed in a PDF string (Unicode):
(hyperref)                removing `\alpha' on input line 481.


Package hyperref Warning: Token not allowed in a PDF string (Unicode):
(hyperref)                removing `math shift' on input line 481.

File: NCUlogo.jpg Graphic file (type jpg)
<use NCUlogo.jpg>
Package pdftex.def Info: NCUlogo.jpg  used on input line 496.
(pdftex.def)             Requested size: 60.22484pt x 50.58887pt.
[35

]
File: NCUlogo.jpg Graphic file (type jpg)
<use NCUlogo.jpg>
Package pdftex.def Info: NCUlogo.jpg  used on input line 496.
(pdftex.def)             Requested size: 60.22484pt x 50.58887pt.
 [36 <./figures//lobby_mst_10.jpg> <./figures//lobby_spt_10.jpg> <./figures//lo
bby_cbst_10.jpg>]
<./figures//alpha0.jpg, id=1065, 562.1pt x 421.575pt>
File: ./figures//alpha0.jpg Graphic file (type jpg)
<use ./figures//alpha0.jpg>
Package pdftex.def Info: ./figures//alpha0.jpg  used on input line 543.
(pdftex.def)             Requested size: 192.0548pt x 144.0412pt.
<./figures//alpha1.jpg, id=1066, 562.1pt x 421.575pt>
File: ./figures//alpha1.jpg Graphic file (type jpg)
<use ./figures//alpha1.jpg>
Package pdftex.def Info: ./figures//alpha1.jpg  used on input line 548.
(pdftex.def)             Requested size: 192.0548pt x 144.0412pt.
<./figures//alpha2.jpg, id=1067, 562.1pt x 421.575pt>
File: ./figures//alpha2.jpg Graphic file (type jpg)
<use ./figures//alpha2.jpg>
Package pdftex.def Info: ./figures//alpha2.jpg  used on input line 553.
(pdftex.def)             Requested size: 192.0548pt x 144.0412pt.
<./figures//alpha3.jpg, id=1068, 562.1pt x 421.575pt>
File: ./figures//alpha3.jpg Graphic file (type jpg)
<use ./figures//alpha3.jpg>
Package pdftex.def Info: ./figures//alpha3.jpg  used on input line 565.
(pdftex.def)             Requested size: 192.0548pt x 144.0412pt.
File: ./figures//f_c_map2.jpg Graphic file (type jpg)
<use ./figures//f_c_map2.jpg>
Package pdftex.def Info: ./figures//f_c_map2.jpg  used on input line 577.
(pdftex.def)             Requested size: 192.0548pt x 144.0412pt.
<./figures//alpha_0.jpg, id=1069, 562.1pt x 421.575pt>
File: ./figures//alpha_0.jpg Graphic file (type jpg)
<use ./figures//alpha_0.jpg>
Package pdftex.def Info: ./figures//alpha_0.jpg  used on input line 582.
(pdftex.def)             Requested size: 192.0548pt x 144.0412pt.
<./figures//alpha_1.jpg, id=1070, 562.1pt x 421.575pt>
File: ./figures//alpha_1.jpg Graphic file (type jpg)
<use ./figures//alpha_1.jpg>
Package pdftex.def Info: ./figures//alpha_1.jpg  used on input line 587.
(pdftex.def)             Requested size: 192.0548pt x 144.0412pt.
<./figures//alpha_2.jpg, id=1071, 562.1pt x 421.575pt>
File: ./figures//alpha_2.jpg Graphic file (type jpg)
<use ./figures//alpha_2.jpg>
Package pdftex.def Info: ./figures//alpha_2.jpg  used on input line 599.
(pdftex.def)             Requested size: 192.0548pt x 144.0412pt.
<./figures//alpha_3.jpg, id=1072, 562.1pt x 421.575pt>
File: ./figures//alpha_3.jpg Graphic file (type jpg)
<use ./figures//alpha_3.jpg>
Package pdftex.def Info: ./figures//alpha_3.jpg  used on input line 604.
(pdftex.def)             Requested size: 192.0548pt x 144.0412pt.
<./figures//alpha_4.jpg, id=1073, 562.1pt x 421.575pt>
File: ./figures//alpha_4.jpg Graphic file (type jpg)
<use ./figures//alpha_4.jpg>
Package pdftex.def Info: ./figures//alpha_4.jpg  used on input line 609.
(pdftex.def)             Requested size: 192.0548pt x 144.0412pt.
)
File: NCUlogo.jpg Graphic file (type jpg)
<use NCUlogo.jpg>
Package pdftex.def Info: NCUlogo.jpg  used on input line 113.
(pdftex.def)             Requested size: 60.22484pt x 50.58887pt.
 [37]
File: NCUlogo.jpg Graphic file (type jpg)
<use NCUlogo.jpg>
Package pdftex.def Info: NCUlogo.jpg  used on input line 113.
(pdftex.def)             Requested size: 60.22484pt x 50.58887pt.
 [38 <./figures//alpha0.jpg> <./figures//alpha1.jpg> <./figures//alpha2.jpg> <.
/figures//alpha3.jpg>]
File: NCUlogo.jpg Graphic file (type jpg)
<use NCUlogo.jpg>
Package pdftex.def Info: NCUlogo.jpg  used on input line 113.
(pdftex.def)             Requested size: 60.22484pt x 50.58887pt.
 [39 <./figures//alpha_0.jpg> <./figures//alpha_1.jpg>]
File: NCUlogo.jpg Graphic file (type jpg)
<use NCUlogo.jpg>
Package pdftex.def Info: NCUlogo.jpg  used on input line 113.
(pdftex.def)             Requested size: 60.22484pt x 50.58887pt.
 [40 <./figures//alpha_2.jpg> <./figures//alpha_3.jpg> <./figures//alpha_4.jpg>
]
\openout2 = `chapter7.aux'.

 (chapter7.tex
Chapter 7.
)
File: NCUlogo.jpg Graphic file (type jpg)
<use NCUlogo.jpg>
Package pdftex.def Info: NCUlogo.jpg  used on input line 114.
(pdftex.def)             Requested size: 60.22484pt x 50.58887pt.
 [41




]
\openout2 = `bibli.aux'.

 (bibli.tex (masterthesisCJK.bbl
Underfull \hbox (badness 1152) in paragraph at lines 4--10
\T1/cmr/m/n/14.4 Roland Sieg-wart, and Juan Ni-eto.  Mul-tires-o-lu-tion map-pi
ng
 []

File: NCUlogo.jpg Graphic file (type jpg)
<use NCUlogo.jpg>
Package pdftex.def Info: NCUlogo.jpg  used on input line 55.
(pdftex.def)             Requested size: 60.22484pt x 50.58887pt.
[42





]
File: NCUlogo.jpg Graphic file (type jpg)
<use NCUlogo.jpg>
Package pdftex.def Info: NCUlogo.jpg  used on input line 116.
(pdftex.def)             Requested size: 60.22484pt x 50.58887pt.
 [43]
Underfull \hbox (badness 1590) in paragraph at lines 156--161
[]\T1/cmr/m/n/14.4 Shervin Jav-dani, Matthew Klin-gen-smith, J An-drew Bag-nell
,
 []

File: NCUlogo.jpg Graphic file (type jpg)
<use NCUlogo.jpg>
Package pdftex.def Info: NCUlogo.jpg  used on input line 171.
(pdftex.def)             Requested size: 60.22484pt x 50.58887pt.
[44]
File: NCUlogo.jpg Graphic file (type jpg)
<use NCUlogo.jpg>
Package pdftex.def Info: NCUlogo.jpg  used on input line 226.
(pdftex.def)             Requested size: 60.22484pt x 50.58887pt.
 [45]
File: NCUlogo.jpg Graphic file (type jpg)
<use NCUlogo.jpg>
Package pdftex.def Info: NCUlogo.jpg  used on input line 281.
(pdftex.def)             Requested size: 60.22484pt x 50.58887pt.
 [46]))
File: NCUlogo.jpg Graphic file (type jpg)
<use NCUlogo.jpg>
Package pdftex.def Info: NCUlogo.jpg  used on input line 121.
(pdftex.def)             Requested size: 60.22484pt x 50.58887pt.
 [47] (masterthesisCJK.aux (abstractcn.aux) (abstracten.aux)
(lists.aux) (symbol.aux) (chapter1.aux) (chapter2.aux) (chapter3.aux)
(chapter4.aux) (chapter5.aux) (chapter6.aux) (chapter7.aux) (bibli.aux))
Package rerunfilecheck Info: File `masterthesisCJK.out' has not changed.
(rerunfilecheck)             Checksum: FAB3607499C031353DA6BB96906F3461;4201.
 ) 
Here is how much of TeX's memory you used:
 31242 strings out of 478354
 566279 string characters out of 2853539
 937668 words of memory out of 3000000
 48529 multiletter control sequences out of 15000+600000
 519682 words of font info for 184 fonts, out of 8000000 for 9000
 1141 hyphenation exceptions out of 8191
 103i,18n,131p,742b,1884s stack positions out of 10000i,1000n,20000p,200000b,80000s
 <C:\Users\RSL\AppData\Local\MiKTeX\fonts/pk/ljfour/jknappen/ec/dpi600\ecrm08
00.pk> <C:\Users\RSL\AppData\Local\MiKTeX\fonts/pk/ljfour/jknappen/ec/dpi600\ec
bx1000.pk> <C:\Users\RSL\AppData\Local\MiKTeX\fonts/pk/ljfour/jknappen/ec/dpi60
0\ecti1000.pk> <C:\Users\RSL\AppData\Local\MiKTeX\fonts/pk/ljfour/jknappen/ec/d
pi600\ecrm0900.pk> <C:\Users\RSL\AppData\Local\MiKTeX\fonts/pk/ljfour/jknappen/
ec/dpi600\ecrm1728.pk> <C:\Users\RSL\AppData\Local\MiKTeX\fonts/pk/ljfour/jknap
pen/ec/dpi600\ecss1728.pk> <C:\Users\RSL\AppData\Local\MiKTeX\fonts/pk/ljfour/j
knappen/ec/dpi600\ecti1440.pk> <C:\Users\RSL\AppData\Local\MiKTeX\fonts/pk/ljfo
ur/jknappen/ec/dpi600\ecbx1440.pk> <C:\Users\RSL\AppData\Local\MiKTeX\fonts/pk/
ljfour/jknappen/ec/dpi600\ecbx2488.pk> <C:\Users\RSL\AppData\Local\MiKTeX\fonts
/pk/ljfour/jknappen/ec/dpi600\ecbx1200.pk> <C:\Users\RSL\AppData\Local\MiKTeX\f
onts/pk/ljfour/jknappen/ec/dpi600\ecrm1000.pk> <C:\Users\RSL\AppData\Local\MiKT
eX\fonts/pk/ljfour/jknappen/ec/dpi600\ecss1440.pk> <C:\Users\RSL\AppData\Local\
MiKTeX\fonts/pk/ljfour/jknappen/ec/dpi600\ecrm1440.pk> <C:\Users\RSL\AppData\Lo
cal\MiKTeX\fonts/pk/ljfour/jknappen/ec/dpi600\tcrm1440.pk> <C:\Users\RSL\AppDat
a\Local\MiKTeX\fonts/pk/ljfour/jknappen/ec/dpi600\ecrm2488.pk><C:/MiKTex/fonts/
type1/arphic/bkaiu/bkaiu30.pfb><C:/MiKTex/fonts/type1/arphic/bkaiu/bkaiu4e.pfb>
<C:/MiKTex/fonts/type1/arphic/bkaiu/bkaiu4f.pfb><C:/MiKTex/fonts/type1/arphic/b
kaiu/bkaiu50.pfb><C:/MiKTex/fonts/type1/arphic/bkaiu/bkaiu51.pfb><C:/MiKTex/fon
ts/type1/arphic/bkaiu/bkaiu52.pfb><C:/MiKTex/fonts/type1/arphic/bkaiu/bkaiu53.p
fb><C:/MiKTex/fonts/type1/arphic/bkaiu/bkaiu54.pfb><C:/MiKTex/fonts/type1/arphi
c/bkaiu/bkaiu55.pfb><C:/MiKTex/fonts/type1/arphic/bkaiu/bkaiu56.pfb><C:/MiKTex/
fonts/type1/arphic/bkaiu/bkaiu57.pfb><C:/MiKTex/fonts/type1/arphic/bkaiu/bkaiu5
8.pfb><C:/MiKTex/fonts/type1/arphic/bkaiu/bkaiu59.pfb><C:/MiKTex/fonts/type1/ar
phic/bkaiu/bkaiu5b.pfb><C:/MiKTex/fonts/type1/arphic/bkaiu/bkaiu5c.pfb><C:/MiKT
ex/fonts/type1/arphic/bkaiu/bkaiu5e.pfb><C:/MiKTex/fonts/type1/arphic/bkaiu/bka
iu5f.pfb><C:/MiKTex/fonts/type1/arphic/bkaiu/bkaiu60.pfb><C:/MiKTex/fonts/type1
/arphic/bkaiu/bkaiu62.pfb><C:/MiKTex/fonts/type1/arphic/bkaiu/bkaiu63.pfb><C:/M
iKTex/fonts/type1/arphic/bkaiu/bkaiu64.pfb><C:/MiKTex/fonts/type1/arphic/bkaiu/
bkaiu65.pfb><C:/MiKTex/fonts/type1/arphic/bkaiu/bkaiu66.pfb><C:/MiKTex/fonts/ty
pe1/arphic/bkaiu/bkaiu67.pfb><C:/MiKTex/fonts/type1/arphic/bkaiu/bkaiu69.pfb><C
:/MiKTex/fonts/type1/arphic/bkaiu/bkaiu6a.pfb><C:/MiKTex/fonts/type1/arphic/bka
iu/bkaiu6b.pfb><C:/MiKTex/fonts/type1/arphic/bkaiu/bkaiu6c.pfb><C:/MiKTex/fonts
/type1/arphic/bkaiu/bkaiu6d.pfb><C:/MiKTex/fonts/type1/arphic/bkaiu/bkaiu6f.pfb
><C:/MiKTex/fonts/type1/arphic/bkaiu/bkaiu70.pfb><C:/MiKTex/fonts/type1/arphic/
bkaiu/bkaiu72.pfb><C:/MiKTex/fonts/type1/arphic/bkaiu/bkaiu73.pfb><C:/MiKTex/fo
nts/type1/arphic/bkaiu/bkaiu74.pfb><C:/MiKTex/fonts/type1/arphic/bkaiu/bkaiu75.
pfb><C:/MiKTex/fonts/type1/arphic/bkaiu/bkaiu76.pfb><C:/MiKTex/fonts/type1/arph
ic/bkaiu/bkaiu78.pfb><C:/MiKTex/fonts/type1/arphic/bkaiu/bkaiu79.pfb><C:/MiKTex
/fonts/type1/arphic/bkaiu/bkaiu7a.pfb><C:/MiKTex/fonts/type1/arphic/bkaiu/bkaiu
7b.pfb><C:/MiKTex/fonts/type1/arphic/bkaiu/bkaiu7d.pfb><C:/MiKTex/fonts/type1/a
rphic/bkaiu/bkaiu7f.pfb><C:/MiKTex/fonts/type1/arphic/bkaiu/bkaiu80.pfb><C:/MiK
Tex/fonts/type1/arphic/bkaiu/bkaiu83.pfb><C:/MiKTex/fonts/type1/arphic/bkaiu/bk
aiu84.pfb><C:/MiKTex/fonts/type1/arphic/bkaiu/bkaiu89.pfb><C:/MiKTex/fonts/type
1/arphic/bkaiu/bkaiu8a.pfb><C:/MiKTex/fonts/type1/arphic/bkaiu/bkaiu8d.pfb><C:/
MiKTex/fonts/type1/arphic/bkaiu/bkaiu8f.pfb><C:/MiKTex/fonts/type1/arphic/bkaiu
/bkaiu90.pfb><C:/MiKTex/fonts/type1/arphic/bkaiu/bkaiu91.pfb><C:/MiKTex/fonts/t
ype1/arphic/bkaiu/bkaiu93.pfb><C:/MiKTex/fonts/type1/arphic/bkaiu/bkaiu95.pfb><
C:/MiKTex/fonts/type1/arphic/bkaiu/bkaiu96.pfb><C:/MiKTex/fonts/type1/arphic/bk
aiu/bkaiu98.pfb><C:/MiKTex/fonts/type1/arphic/bkaiu/bkaiu9a.pfb><C:/MiKTex/font
s/type1/arphic/bkaiu/bkaiuff.pfb><C:/MiKTex/fonts/type1/public/amsfonts/cm/cmex
10.pfb><C:/MiKTex/fonts/type1/public/amsfonts/cm/cmmi10.pfb><C:/MiKTex/fonts/ty
pe1/public/amsfonts/cm/cmmi12.pfb><C:/MiKTex/fonts/type1/public/amsfonts/cm/cmm
i5.pfb><C:/MiKTex/fonts/type1/public/amsfonts/cm/cmmi6.pfb><C:/MiKTex/fonts/typ
e1/public/amsfonts/cm/cmmi7.pfb><C:/MiKTex/fonts/type1/public/amsfonts/cm/cmmi9
.pfb><C:/MiKTex/fonts/type1/public/amsfonts/cm/cmr10.pfb><C:/MiKTex/fonts/type1
/public/amsfonts/cm/cmr12.pfb><C:/MiKTex/fonts/type1/public/amsfonts/cm/cmr17.p
fb><C:/MiKTex/fonts/type1/public/amsfonts/cm/cmr6.pfb><C:/MiKTex/fonts/type1/pu
blic/amsfonts/cm/cmr7.pfb><C:/MiKTex/fonts/type1/public/amsfonts/cm/cmr9.pfb><C
:/MiKTex/fonts/type1/public/amsfonts/cm/cmsy10.pfb><C:/MiKTex/fonts/type1/publi
c/amsfonts/cm/cmsy5.pfb><C:/MiKTex/fonts/type1/public/amsfonts/cm/cmsy7.pfb><C:
/MiKTex/fonts/type1/public/amsfonts/cm/cmsy9.pfb><C:/MiKTex/fonts/type1/public/
amsfonts/symbols/msam10.pfb><C:/MiKTex/fonts/type1/public/amsfonts/symbols/msbm
10.pfb>
Output written on masterthesisCJK.pdf (61 pages, 3479498 bytes).
PDF statistics:
 1972 PDF objects out of 2073 (max. 8388607)
 208 named destinations out of 1000 (max. 500000)
 833 words of extra memory for PDF output out of 10000 (max. 10000000)

