\BOOKMARK [0][-]{section*.1}{\376\377\144\130\211\201}{}% 1
\BOOKMARK [0][-]{section*.2}{\376\377\000A\000b\000s\000t\000r\000a\000c\000t}{}% 2
\BOOKMARK [0][-]{section*.3}{\376\377\000C\000o\000n\000t\000e\000n\000t\000s}{}% 3
\BOOKMARK [0][-]{section*.5}{\376\377\000F\000i\000g\000u\000r\000e\000s}{}% 4
\BOOKMARK [0][-]{section*.7}{\376\377\000T\000a\000b\000l\000e\000s}{}% 5
\BOOKMARK [0][-]{chapter.1}{\376\377\000I\000n\000t\000r\000o\000d\000u\000c\000t\000i\000o\000n}{}% 6
\BOOKMARK [0][-]{chapter.2}{\376\377\000R\000e\000l\000a\000t\000e\000d\000\040\000w\000o\000r\000k}{}% 7
\BOOKMARK [1][-]{section.2.1}{\376\377\000P\000r\000o\000b\000a\000b\000i\000l\000i\000s\000t\000i\000c\000\040\000s\000e\000a\000r\000c\000h}{chapter.2}% 8
\BOOKMARK [1][-]{section.2.2}{\376\377\000I\000n\000f\000o\000r\000m\000a\000t\000i\000v\000e\000\040\000p\000a\000t\000h\000\040\000p\000l\000a\000n\000n\000i\000n\000g\000\040\000\050\000I\000P\000P\000\051}{chapter.2}% 9
\BOOKMARK [1][-]{section.2.3}{\376\377\000S\000u\000b\000m\000o\000d\000u\000l\000a\000r\000\040\000m\000a\000x\000i\000m\000i\000z\000a\000t\000i\000o\000n\000\040\000p\000r\000o\000b\000l\000e\000m\000s}{chapter.2}% 10
\BOOKMARK [1][-]{section.2.4}{\376\377\000P\000r\000i\000m\000-\000D\000i\000j\000k\000s\000t\000r\000a\000\040\000a\000l\000g\000o\000r\000i\000t\000h\000m}{chapter.2}% 11
\BOOKMARK [0][-]{chapter.3}{\376\377\000B\000a\000c\000k\000g\000r\000o\000u\000n\000d\000\040\000k\000n\000o\000w\000l\000e\000d\000g\000e}{}% 12
\BOOKMARK [1][-]{section.3.1}{\376\377\000S\000u\000b\000m\000o\000d\000u\000l\000a\000r\000i\000t\000y}{chapter.3}% 13
\BOOKMARK [1][-]{section.3.2}{\376\377\000L\000o\000w\000e\000r\000\040\000b\000o\000u\000n\000d\000\040\000o\000f\000\040\000G\000C\000B}{chapter.3}% 14
\BOOKMARK [1][-]{section.3.3}{\376\377\000P\000r\000i\000m\000\040\000a\000n\000d\000\040\000D\000i\000j\000k\000s\000t\000r\000a\000\040\000\050\000P\000D\000\051\000\040\000a\000l\000g\000o\000r\000i\000t\000h\000m}{chapter.3}% 15
\BOOKMARK [1][-]{section.3.4}{\376\377\000E\000x\000t\000e\000n\000d\000e\000d\000\040\000p\000r\000o\000b\000a\000b\000i\000l\000i\000t\000y\000\040\000o\000f\000\040\000d\000e\000t\000e\000c\000t\000i\000o\000n\000\040\000\050\000E\000P\000D\000\051}{chapter.3}% 16
\BOOKMARK [0][-]{chapter.4}{\376\377\000P\000r\000o\000b\000l\000e\000m\000\040\000f\000o\000r\000m\000u\000l\000a\000t\000i\000o\000n}{}% 17
\BOOKMARK [1][-]{section.4.1}{\376\377\000C\000o\000s\000t\000-\000b\000e\000n\000e\000f\000i\000t\000\040\000s\000p\000a\000n\000n\000i\000n\000g\000\040\000t\000r\000e\000e\000\040\000\050\000C\000B\000S\000T\000\051}{chapter.4}% 18
\BOOKMARK [1][-]{section.4.2}{\376\377\000T\000h\000e\000o\000r\000e\000t\000i\000c\000a\000l\000\040\000b\000o\000u\000n\000d\000\040\000o\000f\000\040\000C\000B\000S\000T}{chapter.4}% 19
\BOOKMARK [0][-]{chapter.5}{\376\377\000P\000r\000o\000p\000o\000s\000e\000d\000\040\000a\000l\000g\000o\000r\000i\000t\000h\000m\000s}{}% 20
\BOOKMARK [0][-]{chapter.6}{\376\377\000E\000x\000p\000e\000r\000i\000m\000e\000n\000t\000s}{}% 21
\BOOKMARK [1][-]{section.6.1}{\376\377\000E\000x\000p\000e\000r\000i\000m\000e\000n\000t\000\040\000s\000e\000t\000u\000p}{chapter.6}% 22
\BOOKMARK [1][-]{section.6.2}{\376\377\000E\000X\0001\000:\000\040\000E\000P\000D\000\040\000m\000a\000x\000i\000m\000i\000z\000a\000t\000i\000o\000n}{chapter.6}% 23
\BOOKMARK [1][-]{section.6.3}{\376\377\000E\000X\0002\000:\000\040\000S\000e\000a\000r\000c\000h\000\040\000e\000x\000p\000e\000r\000i\000m\000e\000n\000t}{chapter.6}% 24
\BOOKMARK [2][-]{subsection.6.3.1}{\376\377\000S\000i\000m\000u\000l\000a\000t\000i\000o\000n}{section.6.3}% 25
\BOOKMARK [2][-]{subsection.6.3.2}{\376\377\000R\000e\000a\000l\000\040\000w\000o\000r\000l\000d}{section.6.3}% 26
\BOOKMARK [1][-]{section.6.4}{\376\377\000E\000X\0003\000:\000\040\000\040\000t\000u\000n\000i\000n\000g}{chapter.6}% 27
\BOOKMARK [0][-]{chapter.7}{\376\377\000C\000o\000n\000c\000l\000u\000s\000i\000o\000n\000s\000\040\000a\000n\000d\000\040\000f\000u\000t\000u\000r\000e\000\040\000w\000o\000r\000k}{}% 28
\BOOKMARK [0][-]{section*.40}{\376\377\000R\000e\000f\000e\000r\000e\000n\000c\000e\000s}{}% 29
